2025-05-14T09:21:09.808+05:30  INFO 14276 --- [ShoppingCartService] [restartedMain] c.e.demo.ShoppingCartServiceApplication  : Starting ShoppingCartServiceApplication using Java 21.0.6 with PID 14276 (C:\Users\2400597\git\ECommercePlatform\ShoppingCartService\target\classes started by 2400597 in C:\Users\2400597\git\ECommercePlatform\ShoppingCartService)
2025-05-14T09:21:09.820+05:30  INFO 14276 --- [ShoppingCartService] [restartedMain] c.e.demo.ShoppingCartServiceApplication  : No active profile set, falling back to 1 default profile: "default"
2025-05-14T09:21:09.921+05:30  INFO 14276 --- [ShoppingCartService] [restartedMain] o.s.c.c.c.ConfigServerConfigDataLoader   : Fetching config from server at : http://localhost:8888
2025-05-14T09:21:09.922+05:30  INFO 14276 --- [ShoppingCartService] [restartedMain] o.s.c.c.c.ConfigServerConfigDataLoader   : Located environment: name=ShoppingCartService, profiles=[default], label=null, version=042e04925b98dab6baaad2e6c3af92a7f809ca67, state=
2025-05-14T09:21:09.926+05:30  INFO 14276 --- [ShoppingCartService] [restartedMain] .e.DevToolsPropertyDefaultsPostProcessor : Devtools property defaults active! Set 'spring.devtools.add-properties' to 'false' to disable
2025-05-14T09:21:09.927+05:30  INFO 14276 --- [ShoppingCartService] [restartedMain] .e.DevToolsPropertyDefaultsPostProcessor : For additional web related logging consider setting the 'logging.level.web' property to 'DEBUG'
2025-05-14T09:21:13.297+05:30  INFO 14276 --- [ShoppingCartService] [restartedMain] .s.d.r.c.RepositoryConfigurationDelegate : Bootstrapping Spring Data JPA repositories in DEFAULT mode.
2025-05-14T09:21:13.693+05:30  INFO 14276 --- [ShoppingCartService] [restartedMain] .s.d.r.c.RepositoryConfigurationDelegate : Finished Spring Data repository scanning in 377 ms. Found 1 JPA repository interface.
2025-05-14T09:21:14.187+05:30  INFO 14276 --- [ShoppingCartService] [restartedMain] o.s.cloud.context.scope.GenericScope     : BeanFactory id=c7311eca-1e98-3070-b2d8-4435ad8a0435
2025-05-14T09:21:16.116+05:30  INFO 14276 --- [ShoppingCartService] [restartedMain] o.s.b.w.embedded.tomcat.TomcatWebServer  : Tomcat initialized with port 8083 (http)
2025-05-14T09:21:16.159+05:30  INFO 14276 --- [ShoppingCartService] [restartedMain] o.apache.catalina.core.StandardService   : Starting service [Tomcat]
2025-05-14T09:21:16.161+05:30  INFO 14276 --- [ShoppingCartService] [restartedMain] o.apache.catalina.core.StandardEngine    : Starting Servlet engine: [Apache Tomcat/10.1.40]
2025-05-14T09:21:16.381+05:30  INFO 14276 --- [ShoppingCartService] [restartedMain] o.a.c.c.C.[Tomcat].[localhost].[/]       : Initializing Spring embedded WebApplicationContext
2025-05-14T09:21:16.382+05:30  INFO 14276 --- [ShoppingCartService] [restartedMain] w.s.c.ServletWebServerApplicationContext : Root WebApplicationContext: initialization completed in 6455 ms
2025-05-14T09:21:17.657+05:30  INFO 14276 --- [ShoppingCartService] [restartedMain] o.hibernate.jpa.internal.util.LogHelper  : HHH000204: Processing PersistenceUnitInfo [name: default]
2025-05-14T09:21:17.816+05:30  INFO 14276 --- [ShoppingCartService] [restartedMain] org.hibernate.Version                    : HHH000412: Hibernate ORM core version 6.6.13.Final
2025-05-14T09:21:17.927+05:30  INFO 14276 --- [ShoppingCartService] [restartedMain] o.h.c.internal.RegionFactoryInitiator    : HHH000026: Second-level cache disabled
2025-05-14T09:21:18.761+05:30  INFO 14276 --- [ShoppingCartService] [restartedMain] o.s.o.j.p.SpringPersistenceUnitInfo      : No LoadTimeWeaver setup: ignoring JPA class transformer
2025-05-14T09:21:18.850+05:30  INFO 14276 --- [ShoppingCartService] [restartedMain] com.zaxxer.hikari.HikariDataSource       : HikariPool-1 - Starting...
2025-05-14T09:21:19.668+05:30  INFO 14276 --- [ShoppingCartService] [restartedMain] com.zaxxer.hikari.pool.HikariPool        : HikariPool-1 - Added connection com.mysql.cj.jdbc.ConnectionImpl@748aab9
2025-05-14T09:21:19.672+05:30  INFO 14276 --- [ShoppingCartService] [restartedMain] com.zaxxer.hikari.HikariDataSource       : HikariPool-1 - Start completed.
2025-05-14T09:21:19.794+05:30  WARN 14276 --- [ShoppingCartService] [restartedMain] org.hibernate.orm.deprecation            : HHH90000025: MySQLDialect does not need to be specified explicitly using 'hibernate.dialect' (remove the property setting and it will be selected by default)
2025-05-14T09:21:19.851+05:30  INFO 14276 --- [ShoppingCartService] [restartedMain] org.hibernate.orm.connections.pooling    : HHH10001005: Database info:
	Database JDBC URL [Connecting through datasource 'HikariDataSource (HikariPool-1)']
	Database driver: undefined/unknown
	Database version: 8.0.41
	Autocommit mode: undefined/unknown
	Isolation level: undefined/unknown
	Minimum pool size: undefined/unknown
	Maximum pool size: undefined/unknown
2025-05-14T09:21:22.206+05:30  INFO 14276 --- [ShoppingCartService] [restartedMain] o.h.e.t.j.p.i.JtaPlatformInitiator       : HHH000489: No JTA platform available (set 'hibernate.transaction.jta.platform' to enable JTA platform integration)
2025-05-14T09:21:22.325+05:30  INFO 14276 --- [ShoppingCartService] [restartedMain] j.LocalContainerEntityManagerFactoryBean : Initialized JPA EntityManagerFactory for persistence unit 'default'
2025-05-14T09:21:22.635+05:30  WARN 14276 --- [ShoppingCartService] [restartedMain] JpaBaseConfiguration$JpaWebConfiguration : spring.jpa.open-in-view is enabled by default. Therefore, database queries may be performed during view rendering. Explicitly configure spring.jpa.open-in-view to disable this warning
2025-05-14T09:21:22.855+05:30  WARN 14276 --- [ShoppingCartService] [restartedMain] o.s.b.d.a.OptionalLiveReloadServer       : Unable to start LiveReload server
2025-05-14T09:21:22.978+05:30  INFO 14276 --- [ShoppingCartService] [restartedMain] o.s.c.openfeign.FeignClientFactoryBean   : For 'PRODUCTSERVICE' URL not provided. Will try picking an instance via load-balancing.
2025-05-14T09:21:24.020+05:30  INFO 14276 --- [ShoppingCartService] [restartedMain] o.s.c.openfeign.FeignClientFactoryBean   : For 'USERSERVICE' URL not provided. Will try picking an instance via load-balancing.
2025-05-14T09:21:26.485+05:30  INFO 14276 --- [ShoppingCartService] [restartedMain] DiscoveryClientOptionalArgsConfiguration : Eureka HTTP Client uses RestTemplate.
2025-05-14T09:21:26.647+05:30  WARN 14276 --- [ShoppingCartService] [restartedMain] iguration$LoadBalancerCaffeineWarnLogger : Spring Cloud LoadBalancer is currently working with the default cache. While this cache implementation is useful for development and tests, it's recommended to use Caffeine cache in production.You can switch to using Caffeine cache, by adding it and org.springframework.cache.caffeine.CaffeineCacheManager to the classpath.
2025-05-14T09:21:26.709+05:30  INFO 14276 --- [ShoppingCartService] [restartedMain] o.s.b.a.e.web.EndpointLinksResolver      : Exposing 1 endpoint beneath base path '/actuator'
2025-05-14T09:21:26.945+05:30  INFO 14276 --- [ShoppingCartService] [restartedMain] o.s.c.n.eureka.InstanceInfoFactory       : Setting initial instance status as: STARTING
2025-05-14T09:21:27.026+05:30  INFO 14276 --- [ShoppingCartService] [restartedMain] com.netflix.discovery.DiscoveryClient    : Initializing Eureka in region us-east-1
2025-05-14T09:21:27.039+05:30  INFO 14276 --- [ShoppingCartService] [restartedMain] c.n.d.s.r.aws.ConfigClusterResolver      : Resolving eureka endpoints via configuration
2025-05-14T09:21:27.067+05:30  INFO 14276 --- [ShoppingCartService] [restartedMain] com.netflix.discovery.DiscoveryClient    : Disable delta property : false
2025-05-14T09:21:27.067+05:30  INFO 14276 --- [ShoppingCartService] [restartedMain] com.netflix.discovery.DiscoveryClient    : Single vip registry refresh property : null
2025-05-14T09:21:27.068+05:30  INFO 14276 --- [ShoppingCartService] [restartedMain] com.netflix.discovery.DiscoveryClient    : Force full registry fetch : false
2025-05-14T09:21:27.068+05:30  INFO 14276 --- [ShoppingCartService] [restartedMain] com.netflix.discovery.DiscoveryClient    : Application is null : false
2025-05-14T09:21:27.069+05:30  INFO 14276 --- [ShoppingCartService] [restartedMain] com.netflix.discovery.DiscoveryClient    : Registered Applications size is zero : true
2025-05-14T09:21:27.069+05:30  INFO 14276 --- [ShoppingCartService] [restartedMain] com.netflix.discovery.DiscoveryClient    : Application version is -1: true
2025-05-14T09:21:27.070+05:30  INFO 14276 --- [ShoppingCartService] [restartedMain] com.netflix.discovery.DiscoveryClient    : Getting all instance registry info from the eureka server
2025-05-14T09:21:27.717+05:30  INFO 14276 --- [ShoppingCartService] [restartedMain] com.netflix.discovery.DiscoveryClient    : The response status is 200
2025-05-14T09:21:27.721+05:30  INFO 14276 --- [ShoppingCartService] [restartedMain] com.netflix.discovery.DiscoveryClient    : Starting heartbeat executor: renew interval is: 30
2025-05-14T09:21:27.726+05:30  INFO 14276 --- [ShoppingCartService] [restartedMain] c.n.discovery.InstanceInfoReplicator     : InstanceInfoReplicator onDemand update allowed rate per min is 4
2025-05-14T09:21:27.729+05:30  INFO 14276 --- [ShoppingCartService] [restartedMain] com.netflix.discovery.DiscoveryClient    : Discovery Client initialized at timestamp 1747194687728 with initial instances count: 0
2025-05-14T09:21:27.746+05:30  INFO 14276 --- [ShoppingCartService] [restartedMain] o.s.c.n.e.s.EurekaServiceRegistry        : Registering application SHOPPINGCARTSERVICE with eureka with status UP
2025-05-14T09:21:27.748+05:30  INFO 14276 --- [ShoppingCartService] [restartedMain] com.netflix.discovery.DiscoveryClient    : Saw local status change event StatusChangeEvent [timestamp=1747194687748, current=UP, previous=STARTING]
2025-05-14T09:21:27.753+05:30  INFO 14276 --- [ShoppingCartService] [DiscoveryClient-InstanceInfoReplicator-%d] com.netflix.discovery.DiscoveryClient    : DiscoveryClient_SHOPPINGCARTSERVICE/LTIN600818.cts.com:ShoppingCartService:8083: registering service...
2025-05-14T09:21:27.794+05:30  INFO 14276 --- [ShoppingCartService] [restartedMain] o.s.b.w.embedded.tomcat.TomcatWebServer  : Tomcat started on port 8083 (http) with context path '/'
2025-05-14T09:21:27.796+05:30  INFO 14276 --- [ShoppingCartService] [restartedMain] .s.c.n.e.s.EurekaAutoServiceRegistration : Updating port to 8083
2025-05-14T09:21:27.827+05:30  INFO 14276 --- [ShoppingCartService] [restartedMain] c.e.demo.ShoppingCartServiceApplication  : Started ShoppingCartServiceApplication in 20.581 seconds (process running for 22.571)
2025-05-14T09:21:27.835+05:30  INFO 14276 --- [ShoppingCartService] [DiscoveryClient-InstanceInfoReplicator-%d] com.netflix.discovery.DiscoveryClient    : DiscoveryClient_SHOPPINGCARTSERVICE/LTIN600818.cts.com:ShoppingCartService:8083 - registration status: 204
2025-05-14T09:21:28.329+05:30  INFO 14276 --- [ShoppingCartService] [RMI TCP Connection(7)-127.0.0.1] o.a.c.c.C.[Tomcat].[localhost].[/]       : Initializing Spring DispatcherServlet 'dispatcherServlet'
2025-05-14T09:21:28.330+05:30  INFO 14276 --- [ShoppingCartService] [RMI TCP Connection(7)-127.0.0.1] o.s.web.servlet.DispatcherServlet        : Initializing Servlet 'dispatcherServlet'
2025-05-14T09:21:28.332+05:30  INFO 14276 --- [ShoppingCartService] [RMI TCP Connection(7)-127.0.0.1] o.s.web.servlet.DispatcherServlet        : Completed initialization in 2 ms
2025-05-14T09:21:57.737+05:30  INFO 14276 --- [ShoppingCartService] [DiscoveryClient-CacheRefreshExecutor-%d] com.netflix.discovery.DiscoveryClient    : Disable delta property : false
2025-05-14T09:21:57.737+05:30  INFO 14276 --- [ShoppingCartService] [DiscoveryClient-CacheRefreshExecutor-%d] com.netflix.discovery.DiscoveryClient    : Single vip registry refresh property : null
2025-05-14T09:21:57.737+05:30  INFO 14276 --- [ShoppingCartService] [DiscoveryClient-CacheRefreshExecutor-%d] com.netflix.discovery.DiscoveryClient    : Force full registry fetch : false
2025-05-14T09:21:57.737+05:30  INFO 14276 --- [ShoppingCartService] [DiscoveryClient-CacheRefreshExecutor-%d] com.netflix.discovery.DiscoveryClient    : Application is null : false
2025-05-14T09:21:57.737+05:30  INFO 14276 --- [ShoppingCartService] [DiscoveryClient-CacheRefreshExecutor-%d] com.netflix.discovery.DiscoveryClient    : Registered Applications size is zero : true
2025-05-14T09:21:57.737+05:30  INFO 14276 --- [ShoppingCartService] [DiscoveryClient-CacheRefreshExecutor-%d] com.netflix.discovery.DiscoveryClient    : Application version is -1: false
2025-05-14T09:21:57.737+05:30  INFO 14276 --- [ShoppingCartService] [DiscoveryClient-CacheRefreshExecutor-%d] com.netflix.discovery.DiscoveryClient    : Getting all instance registry info from the eureka server
2025-05-14T09:21:57.769+05:30  INFO 14276 --- [ShoppingCartService] [DiscoveryClient-CacheRefreshExecutor-%d] com.netflix.discovery.DiscoveryClient    : The response status is 200
2025-05-14T09:26:27.086+05:30  INFO 14276 --- [ShoppingCartService] [AsyncResolver-bootstrap-executor-%d] c.n.d.s.r.aws.ConfigClusterResolver      : Resolving eureka endpoints via configuration
2025-05-14T09:31:56.262+05:30  WARN 14276 --- [ShoppingCartService] [HikariPool-1 housekeeper] com.zaxxer.hikari.pool.HikariPool        : HikariPool-1 - Thread starvation or clock leap detected (housekeeper delta=1m6s345ms336µs).
2025-05-14T09:32:03.431+05:30  INFO 14276 --- [ShoppingCartService] [AsyncResolver-bootstrap-executor-%d] c.n.d.s.r.aws.ConfigClusterResolver      : Resolving eureka endpoints via configuration
2025-05-14T09:37:03.436+05:30  INFO 14276 --- [ShoppingCartService] [AsyncResolver-bootstrap-executor-%d] c.n.d.s.r.aws.ConfigClusterResolver      : Resolving eureka endpoints via configuration
2025-05-14T09:42:03.448+05:30  INFO 14276 --- [ShoppingCartService] [AsyncResolver-bootstrap-executor-%d] c.n.d.s.r.aws.ConfigClusterResolver      : Resolving eureka endpoints via configuration
2025-05-14T09:42:21.341+05:30  INFO 14276 --- [ShoppingCartService] [http-nio-8083-exec-1] c.e.demo.service.CartItemServiceImpl     : Adding cart item for productId=2 and userId=1
2025-05-14T09:42:22.203+05:30  INFO 14276 --- [ShoppingCartService] [http-nio-8083-exec-1] c.e.demo.service.CartItemServiceImpl     : Cart item added successfully with totalPrice=12400.0
2025-05-14T09:42:38.627+05:30  INFO 14276 --- [ShoppingCartService] [http-nio-8083-exec-2] c.e.demo.service.CartItemServiceImpl     : Fetching all cart items
2025-05-14T09:42:38.961+05:30  INFO 14276 --- [ShoppingCartService] [http-nio-8083-exec-2] c.e.demo.service.CartItemServiceImpl     : Total cart items fetched: 1
2025-05-14T09:43:41.488+05:30  INFO 14276 --- [ShoppingCartService] [http-nio-8083-exec-5] c.e.demo.service.CartItemServiceImpl     : Fetching cart item with product for cartItemId=10
2025-05-14T09:43:41.566+05:30  INFO 14276 --- [ShoppingCartService] [http-nio-8083-exec-5] c.e.demo.service.CartItemServiceImpl     : Returning cart item with product details
2025-05-14T09:44:10.885+05:30  INFO 14276 --- [ShoppingCartService] [http-nio-8083-exec-4] c.e.demo.service.CartItemServiceImpl     : Fetching cart items for user ID: 1
2025-05-14T09:44:10.990+05:30  INFO 14276 --- [ShoppingCartService] [http-nio-8083-exec-4] c.e.demo.service.CartItemServiceImpl     : Total cart items for user 1: 1
2025-05-14T09:45:05.769+05:30  INFO 14276 --- [ShoppingCartService] [http-nio-8083-exec-8] c.e.demo.service.CartItemServiceImpl     : Fetching cart items with products for userId=1
2025-05-14T09:47:03.462+05:30  INFO 14276 --- [ShoppingCartService] [AsyncResolver-bootstrap-executor-%d] c.n.d.s.r.aws.ConfigClusterResolver      : Resolving eureka endpoints via configuration
2025-05-14T09:52:03.467+05:30  INFO 14276 --- [ShoppingCartService] [AsyncResolver-bootstrap-executor-%d] c.n.d.s.r.aws.ConfigClusterResolver      : Resolving eureka endpoints via configuration
2025-05-14T09:57:03.469+05:30  INFO 14276 --- [ShoppingCartService] [AsyncResolver-bootstrap-executor-%d] c.n.d.s.r.aws.ConfigClusterResolver      : Resolving eureka endpoints via configuration
2025-05-14T10:01:16.894+05:30  WARN 14276 --- [ShoppingCartService] [HikariPool-1 housekeeper] com.zaxxer.hikari.pool.HikariPool        : HikariPool-1 - Thread starvation or clock leap detected (housekeeper delta=1m50s229ms571µs600ns).
2025-05-14T10:03:23.684+05:30  INFO 14276 --- [ShoppingCartService] [AsyncResolver-bootstrap-executor-%d] c.n.d.s.r.aws.ConfigClusterResolver      : Resolving eureka endpoints via configuration
2025-05-14T10:04:20.711+05:30  INFO 14276 --- [ShoppingCartService] [RMI TCP Connection(61)-127.0.0.1] inMXBeanRegistrar$SpringApplicationAdmin : Application shutdown requested.
2025-05-14T10:04:20.713+05:30  INFO 14276 --- [ShoppingCartService] [RMI TCP Connection(61)-127.0.0.1] o.s.c.n.e.s.EurekaServiceRegistry        : Unregistering application SHOPPINGCARTSERVICE with eureka with status DOWN
2025-05-14T10:04:20.714+05:30  INFO 14276 --- [ShoppingCartService] [RMI TCP Connection(61)-127.0.0.1] com.netflix.discovery.DiscoveryClient    : Saw local status change event StatusChangeEvent [timestamp=1747197260714, current=DOWN, previous=UP]
2025-05-14T10:04:20.714+05:30  INFO 14276 --- [ShoppingCartService] [DiscoveryClient-InstanceInfoReplicator-%d] com.netflix.discovery.DiscoveryClient    : DiscoveryClient_SHOPPINGCARTSERVICE/LTIN600818.cts.com:ShoppingCartService:8083: registering service...
2025-05-14T10:04:20.718+05:30  INFO 14276 --- [ShoppingCartService] [RMI TCP Connection(61)-127.0.0.1] o.s.b.w.e.tomcat.GracefulShutdown        : Commencing graceful shutdown. Waiting for active requests to complete
2025-05-14T10:04:20.733+05:30  INFO 14276 --- [ShoppingCartService] [tomcat-shutdown] o.s.b.w.e.tomcat.GracefulShutdown        : Graceful shutdown complete
2025-05-14T10:04:20.739+05:30  INFO 14276 --- [ShoppingCartService] [DiscoveryClient-InstanceInfoReplicator-%d] com.netflix.discovery.DiscoveryClient    : DiscoveryClient_SHOPPINGCARTSERVICE/LTIN600818.cts.com:ShoppingCartService:8083 - registration status: 204
2025-05-14T10:04:20.753+05:30  INFO 14276 --- [ShoppingCartService] [RMI TCP Connection(61)-127.0.0.1] j.LocalContainerEntityManagerFactoryBean : Closing JPA EntityManagerFactory for persistence unit 'default'
2025-05-14T10:04:20.760+05:30  INFO 14276 --- [ShoppingCartService] [RMI TCP Connection(61)-127.0.0.1] com.zaxxer.hikari.HikariDataSource       : HikariPool-1 - Shutdown initiated...
2025-05-14T10:04:20.771+05:30  INFO 14276 --- [ShoppingCartService] [RMI TCP Connection(61)-127.0.0.1] com.zaxxer.hikari.HikariDataSource       : HikariPool-1 - Shutdown completed.
2025-05-14T10:04:20.772+05:30  INFO 14276 --- [ShoppingCartService] [RMI TCP Connection(61)-127.0.0.1] com.netflix.discovery.DiscoveryClient    : Shutting down DiscoveryClient ...
2025-05-14T10:04:23.779+05:30  INFO 14276 --- [ShoppingCartService] [RMI TCP Connection(61)-127.0.0.1] com.netflix.discovery.DiscoveryClient    : Unregistering ...
2025-05-14T10:04:23.803+05:30  INFO 14276 --- [ShoppingCartService] [RMI TCP Connection(61)-127.0.0.1] com.netflix.discovery.DiscoveryClient    : DiscoveryClient_SHOPPINGCARTSERVICE/LTIN600818.cts.com:ShoppingCartService:8083 - deregister  status: 200
2025-05-14T10:04:23.803+05:30  INFO 14276 --- [ShoppingCartService] [RMI TCP Connection(61)-127.0.0.1] com.netflix.discovery.DiscoveryClient    : Completed shut down of DiscoveryClient
2025-05-14T10:04:34.212+05:30  INFO 17872 --- [ShoppingCartService] [restartedMain] c.e.demo.ShoppingCartServiceApplication  : Starting ShoppingCartServiceApplication using Java 21.0.6 with PID 17872 (C:\Users\2400597\git\ECommercePlatform\ShoppingCartService\target\classes started by 2400597 in C:\Users\2400597\git\ECommercePlatform\ShoppingCartService)
2025-05-14T10:04:34.214+05:30  INFO 17872 --- [ShoppingCartService] [restartedMain] c.e.demo.ShoppingCartServiceApplication  : No active profile set, falling back to 1 default profile: "default"
2025-05-14T10:04:34.267+05:30  INFO 17872 --- [ShoppingCartService] [restartedMain] o.s.c.c.c.ConfigServerConfigDataLoader   : Fetching config from server at : http://localhost:8888
2025-05-14T10:04:34.267+05:30  INFO 17872 --- [ShoppingCartService] [restartedMain] o.s.c.c.c.ConfigServerConfigDataLoader   : Located environment: name=ShoppingCartService, profiles=[default], label=null, version=042e04925b98dab6baaad2e6c3af92a7f809ca67, state=
2025-05-14T10:04:34.269+05:30  INFO 17872 --- [ShoppingCartService] [restartedMain] .e.DevToolsPropertyDefaultsPostProcessor : Devtools property defaults active! Set 'spring.devtools.add-properties' to 'false' to disable
2025-05-14T10:04:34.270+05:30  INFO 17872 --- [ShoppingCartService] [restartedMain] .e.DevToolsPropertyDefaultsPostProcessor : For additional web related logging consider setting the 'logging.level.web' property to 'DEBUG'
2025-05-14T10:04:36.224+05:30  INFO 17872 --- [ShoppingCartService] [restartedMain] .s.d.r.c.RepositoryConfigurationDelegate : Bootstrapping Spring Data JPA repositories in DEFAULT mode.
2025-05-14T10:04:36.435+05:30  INFO 17872 --- [ShoppingCartService] [restartedMain] .s.d.r.c.RepositoryConfigurationDelegate : Finished Spring Data repository scanning in 202 ms. Found 1 JPA repository interface.
2025-05-14T10:04:36.781+05:30  INFO 17872 --- [ShoppingCartService] [restartedMain] o.s.cloud.context.scope.GenericScope     : BeanFactory id=c7311eca-1e98-3070-b2d8-4435ad8a0435
2025-05-14T10:04:37.665+05:30  INFO 17872 --- [ShoppingCartService] [restartedMain] o.s.b.w.embedded.tomcat.TomcatWebServer  : Tomcat initialized with port 8083 (http)
2025-05-14T10:04:37.681+05:30  INFO 17872 --- [ShoppingCartService] [restartedMain] o.apache.catalina.core.StandardService   : Starting service [Tomcat]
2025-05-14T10:04:37.682+05:30  INFO 17872 --- [ShoppingCartService] [restartedMain] o.apache.catalina.core.StandardEngine    : Starting Servlet engine: [Apache Tomcat/10.1.40]
2025-05-14T10:04:37.771+05:30  INFO 17872 --- [ShoppingCartService] [restartedMain] o.a.c.c.C.[Tomcat].[localhost].[/]       : Initializing Spring embedded WebApplicationContext
2025-05-14T10:04:37.771+05:30  INFO 17872 --- [ShoppingCartService] [restartedMain] w.s.c.ServletWebServerApplicationContext : Root WebApplicationContext: initialization completed in 3500 ms
2025-05-14T10:04:38.357+05:30  INFO 17872 --- [ShoppingCartService] [restartedMain] o.hibernate.jpa.internal.util.LogHelper  : HHH000204: Processing PersistenceUnitInfo [name: default]
2025-05-14T10:04:38.422+05:30  INFO 17872 --- [ShoppingCartService] [restartedMain] org.hibernate.Version                    : HHH000412: Hibernate ORM core version 6.6.13.Final
2025-05-14T10:04:38.464+05:30  INFO 17872 --- [ShoppingCartService] [restartedMain] o.h.c.internal.RegionFactoryInitiator    : HHH000026: Second-level cache disabled
2025-05-14T10:04:38.787+05:30  INFO 17872 --- [ShoppingCartService] [restartedMain] o.s.o.j.p.SpringPersistenceUnitInfo      : No LoadTimeWeaver setup: ignoring JPA class transformer
2025-05-14T10:04:38.819+05:30  INFO 17872 --- [ShoppingCartService] [restartedMain] com.zaxxer.hikari.HikariDataSource       : HikariPool-1 - Starting...
2025-05-14T10:04:39.200+05:30  INFO 17872 --- [ShoppingCartService] [restartedMain] com.zaxxer.hikari.pool.HikariPool        : HikariPool-1 - Added connection com.mysql.cj.jdbc.ConnectionImpl@59cb8113
2025-05-14T10:04:39.202+05:30  INFO 17872 --- [ShoppingCartService] [restartedMain] com.zaxxer.hikari.HikariDataSource       : HikariPool-1 - Start completed.
2025-05-14T10:04:39.256+05:30  WARN 17872 --- [ShoppingCartService] [restartedMain] org.hibernate.orm.deprecation            : HHH90000025: MySQLDialect does not need to be specified explicitly using 'hibernate.dialect' (remove the property setting and it will be selected by default)
2025-05-14T10:04:39.273+05:30  INFO 17872 --- [ShoppingCartService] [restartedMain] org.hibernate.orm.connections.pooling    : HHH10001005: Database info:
	Database JDBC URL [Connecting through datasource 'HikariDataSource (HikariPool-1)']
	Database driver: undefined/unknown
	Database version: 8.0.41
	Autocommit mode: undefined/unknown
	Isolation level: undefined/unknown
	Minimum pool size: undefined/unknown
	Maximum pool size: undefined/unknown
2025-05-14T10:04:40.441+05:30  INFO 17872 --- [ShoppingCartService] [restartedMain] o.h.e.t.j.p.i.JtaPlatformInitiator       : HHH000489: No JTA platform available (set 'hibernate.transaction.jta.platform' to enable JTA platform integration)
2025-05-14T10:04:40.511+05:30  INFO 17872 --- [ShoppingCartService] [restartedMain] j.LocalContainerEntityManagerFactoryBean : Initialized JPA EntityManagerFactory for persistence unit 'default'
2025-05-14T10:04:40.678+05:30  WARN 17872 --- [ShoppingCartService] [restartedMain] JpaBaseConfiguration$JpaWebConfiguration : spring.jpa.open-in-view is enabled by default. Therefore, database queries may be performed during view rendering. Explicitly configure spring.jpa.open-in-view to disable this warning
2025-05-14T10:04:40.855+05:30  WARN 17872 --- [ShoppingCartService] [restartedMain] o.s.b.d.a.OptionalLiveReloadServer       : Unable to start LiveReload server
2025-05-14T10:04:40.936+05:30  INFO 17872 --- [ShoppingCartService] [restartedMain] o.s.c.openfeign.FeignClientFactoryBean   : For 'PRODUCTSERVICE' URL not provided. Will try picking an instance via load-balancing.
2025-05-14T10:04:41.410+05:30  INFO 17872 --- [ShoppingCartService] [restartedMain] o.s.c.openfeign.FeignClientFactoryBean   : For 'USERSERVICE' URL not provided. Will try picking an instance via load-balancing.
2025-05-14T10:04:42.732+05:30  INFO 17872 --- [ShoppingCartService] [restartedMain] DiscoveryClientOptionalArgsConfiguration : Eureka HTTP Client uses RestTemplate.
2025-05-14T10:04:42.774+05:30  WARN 17872 --- [ShoppingCartService] [restartedMain] iguration$LoadBalancerCaffeineWarnLogger : Spring Cloud LoadBalancer is currently working with the default cache. While this cache implementation is useful for development and tests, it's recommended to use Caffeine cache in production.You can switch to using Caffeine cache, by adding it and org.springframework.cache.caffeine.CaffeineCacheManager to the classpath.
2025-05-14T10:04:42.793+05:30  INFO 17872 --- [ShoppingCartService] [restartedMain] o.s.b.a.e.web.EndpointLinksResolver      : Exposing 1 endpoint beneath base path '/actuator'
2025-05-14T10:04:42.923+05:30  INFO 17872 --- [ShoppingCartService] [restartedMain] o.s.c.n.eureka.InstanceInfoFactory       : Setting initial instance status as: STARTING
2025-05-14T10:04:42.963+05:30  INFO 17872 --- [ShoppingCartService] [restartedMain] com.netflix.discovery.DiscoveryClient    : Initializing Eureka in region us-east-1
2025-05-14T10:04:42.967+05:30  INFO 17872 --- [ShoppingCartService] [restartedMain] c.n.d.s.r.aws.ConfigClusterResolver      : Resolving eureka endpoints via configuration
2025-05-14T10:04:42.976+05:30  INFO 17872 --- [ShoppingCartService] [restartedMain] com.netflix.discovery.DiscoveryClient    : Disable delta property : false
2025-05-14T10:04:42.976+05:30  INFO 17872 --- [ShoppingCartService] [restartedMain] com.netflix.discovery.DiscoveryClient    : Single vip registry refresh property : null
2025-05-14T10:04:42.977+05:30  INFO 17872 --- [ShoppingCartService] [restartedMain] com.netflix.discovery.DiscoveryClient    : Force full registry fetch : false
2025-05-14T10:04:42.977+05:30  INFO 17872 --- [ShoppingCartService] [restartedMain] com.netflix.discovery.DiscoveryClient    : Application is null : false
2025-05-14T10:04:42.977+05:30  INFO 17872 --- [ShoppingCartService] [restartedMain] com.netflix.discovery.DiscoveryClient    : Registered Applications size is zero : true
2025-05-14T10:04:42.977+05:30  INFO 17872 --- [ShoppingCartService] [restartedMain] com.netflix.discovery.DiscoveryClient    : Application version is -1: true
2025-05-14T10:04:42.977+05:30  INFO 17872 --- [ShoppingCartService] [restartedMain] com.netflix.discovery.DiscoveryClient    : Getting all instance registry info from the eureka server
2025-05-14T10:04:43.305+05:30  INFO 17872 --- [ShoppingCartService] [restartedMain] com.netflix.discovery.DiscoveryClient    : The response status is 200
2025-05-14T10:04:43.308+05:30  INFO 17872 --- [ShoppingCartService] [restartedMain] com.netflix.discovery.DiscoveryClient    : Starting heartbeat executor: renew interval is: 30
2025-05-14T10:04:43.311+05:30  INFO 17872 --- [ShoppingCartService] [restartedMain] c.n.discovery.InstanceInfoReplicator     : InstanceInfoReplicator onDemand update allowed rate per min is 4
2025-05-14T10:04:43.313+05:30  INFO 17872 --- [ShoppingCartService] [restartedMain] com.netflix.discovery.DiscoveryClient    : Discovery Client initialized at timestamp 1747197283312 with initial instances count: 3
2025-05-14T10:04:43.322+05:30  INFO 17872 --- [ShoppingCartService] [restartedMain] o.s.c.n.e.s.EurekaServiceRegistry        : Registering application SHOPPINGCARTSERVICE with eureka with status UP
2025-05-14T10:04:43.323+05:30  INFO 17872 --- [ShoppingCartService] [restartedMain] com.netflix.discovery.DiscoveryClient    : Saw local status change event StatusChangeEvent [timestamp=1747197283323, current=UP, previous=STARTING]
2025-05-14T10:04:43.326+05:30  INFO 17872 --- [ShoppingCartService] [DiscoveryClient-InstanceInfoReplicator-%d] com.netflix.discovery.DiscoveryClient    : DiscoveryClient_SHOPPINGCARTSERVICE/LTIN600818.cts.com:ShoppingCartService:8083: registering service...
2025-05-14T10:04:43.350+05:30  INFO 17872 --- [ShoppingCartService] [restartedMain] o.s.b.w.embedded.tomcat.TomcatWebServer  : Tomcat started on port 8083 (http) with context path '/'
2025-05-14T10:04:43.351+05:30  INFO 17872 --- [ShoppingCartService] [restartedMain] .s.c.n.e.s.EurekaAutoServiceRegistration : Updating port to 8083
2025-05-14T10:04:43.368+05:30  INFO 17872 --- [ShoppingCartService] [restartedMain] c.e.demo.ShoppingCartServiceApplication  : Started ShoppingCartServiceApplication in 12.179 seconds (process running for 13.497)
2025-05-14T10:04:43.371+05:30  INFO 17872 --- [ShoppingCartService] [DiscoveryClient-InstanceInfoReplicator-%d] com.netflix.discovery.DiscoveryClient    : DiscoveryClient_SHOPPINGCARTSERVICE/LTIN600818.cts.com:ShoppingCartService:8083 - registration status: 204
2025-05-14T10:04:44.031+05:30  INFO 17872 --- [ShoppingCartService] [RMI TCP Connection(6)-127.0.0.1] o.a.c.c.C.[Tomcat].[localhost].[/]       : Initializing Spring DispatcherServlet 'dispatcherServlet'
2025-05-14T10:04:44.032+05:30  INFO 17872 --- [ShoppingCartService] [RMI TCP Connection(6)-127.0.0.1] o.s.web.servlet.DispatcherServlet        : Initializing Servlet 'dispatcherServlet'
2025-05-14T10:04:44.033+05:30  INFO 17872 --- [ShoppingCartService] [RMI TCP Connection(6)-127.0.0.1] o.s.web.servlet.DispatcherServlet        : Completed initialization in 1 ms
2025-05-14T10:09:42.991+05:30  INFO 17872 --- [ShoppingCartService] [AsyncResolver-bootstrap-executor-%d] c.n.d.s.r.aws.ConfigClusterResolver      : Resolving eureka endpoints via configuration
2025-05-14T10:28:34.712+05:30  WARN 17872 --- [ShoppingCartService] [HikariPool-1 housekeeper] com.zaxxer.hikari.pool.HikariPool        : HikariPool-1 - Thread starvation or clock leap detected (housekeeper delta=17m55s306ms916µs200ns).
2025-05-14T10:32:08.313+05:30  INFO 17872 --- [ShoppingCartService] [AsyncResolver-bootstrap-executor-%d] c.n.d.s.r.aws.ConfigClusterResolver      : Resolving eureka endpoints via configuration
2025-05-14T10:37:08.375+05:30  INFO 17872 --- [ShoppingCartService] [AsyncResolver-bootstrap-executor-%d] c.n.d.s.r.aws.ConfigClusterResolver      : Resolving eureka endpoints via configuration
2025-05-14T10:42:08.390+05:30  INFO 17872 --- [ShoppingCartService] [AsyncResolver-bootstrap-executor-%d] c.n.d.s.r.aws.ConfigClusterResolver      : Resolving eureka endpoints via configuration
2025-05-14T10:47:08.402+05:30  INFO 17872 --- [ShoppingCartService] [AsyncResolver-bootstrap-executor-%d] c.n.d.s.r.aws.ConfigClusterResolver      : Resolving eureka endpoints via configuration
2025-05-14T11:05:38.587+05:30  WARN 17872 --- [ShoppingCartService] [HikariPool-1 housekeeper] com.zaxxer.hikari.pool.HikariPool        : HikariPool-1 - Thread starvation or clock leap detected (housekeeper delta=16m83ms468µs).
2025-05-14T11:07:38.486+05:30  INFO 17872 --- [ShoppingCartService] [AsyncResolver-bootstrap-executor-%d] c.n.d.s.r.aws.ConfigClusterResolver      : Resolving eureka endpoints via configuration
2025-05-14T11:08:07.965+05:30  INFO 17872 --- [ShoppingCartService] [http-nio-8083-exec-1] c.e.demo.service.CartItemServiceImpl     : Adding cart item for productId=3 and userId=1
2025-05-14T11:08:08.368+05:30  INFO 17872 --- [ShoppingCartService] [http-nio-8083-exec-1] c.e.demo.service.CartItemServiceImpl     : Cart item added successfully with totalPrice=3000.0
2025-05-14T11:08:16.760+05:30  INFO 17872 --- [ShoppingCartService] [http-nio-8083-exec-2] c.e.demo.service.CartItemServiceImpl     : Fetching all cart items
2025-05-14T11:08:16.999+05:30  INFO 17872 --- [ShoppingCartService] [http-nio-8083-exec-2] c.e.demo.service.CartItemServiceImpl     : Total cart items fetched: 2
2025-05-14T11:08:40.259+05:30  INFO 17872 --- [ShoppingCartService] [http-nio-8083-exec-3] c.e.demo.service.CartItemServiceImpl     : Fetching cart items for user ID: 1
2025-05-14T11:08:40.283+05:30  INFO 17872 --- [ShoppingCartService] [http-nio-8083-exec-3] c.e.demo.service.CartItemServiceImpl     : Total cart items for user 1: 2
2025-05-14T11:09:17.749+05:30  INFO 17872 --- [ShoppingCartService] [http-nio-8083-exec-5] c.e.demo.service.CartItemServiceImpl     : Fetching cart items with products for userId=1
2025-05-14T11:10:02.715+05:30  INFO 17872 --- [ShoppingCartService] [http-nio-8083-exec-6] c.e.demo.service.CartItemServiceImpl     : Fetching all cart items
2025-05-14T11:10:02.718+05:30  INFO 17872 --- [ShoppingCartService] [http-nio-8083-exec-6] c.e.demo.service.CartItemServiceImpl     : Total cart items fetched: 2
2025-05-14T11:10:12.715+05:30  INFO 17872 --- [ShoppingCartService] [http-nio-8083-exec-7] c.e.demo.service.CartItemServiceImpl     : Attempting to delete cart item with ID: 10
2025-05-14T11:10:13.030+05:30  INFO 17872 --- [ShoppingCartService] [http-nio-8083-exec-7] c.e.demo.service.CartItemServiceImpl     : Cart item deleted: 10
2025-05-14T11:10:16.429+05:30  INFO 17872 --- [ShoppingCartService] [http-nio-8083-exec-8] c.e.demo.service.CartItemServiceImpl     : Attempting to delete cart item with ID: 11
2025-05-14T11:10:16.442+05:30  INFO 17872 --- [ShoppingCartService] [http-nio-8083-exec-8] c.e.demo.service.CartItemServiceImpl     : Cart item deleted: 11
2025-05-14T11:10:19.850+05:30  INFO 17872 --- [ShoppingCartService] [http-nio-8083-exec-10] c.e.demo.service.CartItemServiceImpl     : Fetching all cart items
2025-05-14T11:10:19.854+05:30  INFO 17872 --- [ShoppingCartService] [http-nio-8083-exec-10] c.e.demo.service.CartItemServiceImpl     : Total cart items fetched: 0
2025-05-14T11:12:38.487+05:30  INFO 17872 --- [ShoppingCartService] [AsyncResolver-bootstrap-executor-%d] c.n.d.s.r.aws.ConfigClusterResolver      : Resolving eureka endpoints via configuration
2025-05-14T11:17:38.491+05:30  INFO 17872 --- [ShoppingCartService] [AsyncResolver-bootstrap-executor-%d] c.n.d.s.r.aws.ConfigClusterResolver      : Resolving eureka endpoints via configuration
2025-05-14T11:21:58.969+05:30  INFO 17872 --- [ShoppingCartService] [http-nio-8083-exec-2] c.e.demo.service.CartItemServiceImpl     : Fetching all cart items
2025-05-14T11:21:58.978+05:30  INFO 17872 --- [ShoppingCartService] [http-nio-8083-exec-2] c.e.demo.service.CartItemServiceImpl     : Total cart items fetched: 0
2025-05-14T11:22:38.507+05:30  INFO 17872 --- [ShoppingCartService] [AsyncResolver-bootstrap-executor-%d] c.n.d.s.r.aws.ConfigClusterResolver      : Resolving eureka endpoints via configuration
2025-05-14T11:27:38.523+05:30  INFO 17872 --- [ShoppingCartService] [AsyncResolver-bootstrap-executor-%d] c.n.d.s.r.aws.ConfigClusterResolver      : Resolving eureka endpoints via configuration
2025-05-14T11:32:38.529+05:30  INFO 17872 --- [ShoppingCartService] [AsyncResolver-bootstrap-executor-%d] c.n.d.s.r.aws.ConfigClusterResolver      : Resolving eureka endpoints via configuration
2025-05-14T11:37:38.533+05:30  INFO 17872 --- [ShoppingCartService] [AsyncResolver-bootstrap-executor-%d] c.n.d.s.r.aws.ConfigClusterResolver      : Resolving eureka endpoints via configuration
2025-05-14T11:42:38.542+05:30  INFO 17872 --- [ShoppingCartService] [AsyncResolver-bootstrap-executor-%d] c.n.d.s.r.aws.ConfigClusterResolver      : Resolving eureka endpoints via configuration
2025-05-14T11:47:38.855+05:30  INFO 17872 --- [ShoppingCartService] [AsyncResolver-bootstrap-executor-%d] c.n.d.s.r.aws.ConfigClusterResolver      : Resolving eureka endpoints via configuration
2025-05-14T11:52:38.863+05:30  INFO 17872 --- [ShoppingCartService] [AsyncResolver-bootstrap-executor-%d] c.n.d.s.r.aws.ConfigClusterResolver      : Resolving eureka endpoints via configuration
2025-05-14T11:55:33.089+05:30  INFO 17872 --- [ShoppingCartService] [http-nio-8083-exec-4] o.apache.coyote.http11.Http11Processor   : Error parsing HTTP request header
 Note: further occurrences of HTTP request parsing errors will be logged at DEBUG level.

java.lang.IllegalArgumentException: Invalid character found in method name [0x160x030x030x010xf40x010x000x010xf00x030x030xb460xa30xf4P0x9d0xc190x020x980xe8@gP0xc30x850xdf0xaev0x940x180x030xc7-c0x150xa00xc50x9cx ]. HTTP method names must be tokens
	at org.apache.coyote.http11.Http11InputBuffer.parseRequestLine(Http11InputBuffer.java:403) ~[tomcat-embed-core-10.1.40.jar:10.1.40]
	at org.apache.coyote.http11.Http11Processor.service(Http11Processor.java:271) ~[tomcat-embed-core-10.1.40.jar:10.1.40]
	at org.apache.coyote.AbstractProcessorLight.process(AbstractProcessorLight.java:63) ~[tomcat-embed-core-10.1.40.jar:10.1.40]
	at org.apache.coyote.AbstractProtocol$ConnectionHandler.process(AbstractProtocol.java:903) ~[tomcat-embed-core-10.1.40.jar:10.1.40]
	at org.apache.tomcat.util.net.NioEndpoint$SocketProcessor.doRun(NioEndpoint.java:1740) ~[tomcat-embed-core-10.1.40.jar:10.1.40]
	at org.apache.tomcat.util.net.SocketProcessorBase.run(SocketProcessorBase.java:52) ~[tomcat-embed-core-10.1.40.jar:10.1.40]
	at org.apache.tomcat.util.threads.ThreadPoolExecutor.runWorker(ThreadPoolExecutor.java:1189) ~[tomcat-embed-core-10.1.40.jar:10.1.40]
	at org.apache.tomcat.util.threads.ThreadPoolExecutor$Worker.run(ThreadPoolExecutor.java:658) ~[tomcat-embed-core-10.1.40.jar:10.1.40]
	at org.apache.tomcat.util.threads.TaskThread$WrappingRunnable.run(TaskThread.java:63) ~[tomcat-embed-core-10.1.40.jar:10.1.40]
	at java.base/java.lang.Thread.run(Thread.java:1583) ~[na:na]

2025-05-14T11:57:38.878+05:30  INFO 17872 --- [ShoppingCartService] [AsyncResolver-bootstrap-executor-%d] c.n.d.s.r.aws.ConfigClusterResolver      : Resolving eureka endpoints via configuration
2025-05-14T12:02:38.884+05:30  INFO 17872 --- [ShoppingCartService] [AsyncResolver-bootstrap-executor-%d] c.n.d.s.r.aws.ConfigClusterResolver      : Resolving eureka endpoints via configuration
2025-05-14T12:07:38.898+05:30  INFO 17872 --- [ShoppingCartService] [AsyncResolver-bootstrap-executor-%d] c.n.d.s.r.aws.ConfigClusterResolver      : Resolving eureka endpoints via configuration
2025-05-14T12:12:38.913+05:30  INFO 17872 --- [ShoppingCartService] [AsyncResolver-bootstrap-executor-%d] c.n.d.s.r.aws.ConfigClusterResolver      : Resolving eureka endpoints via configuration
2025-05-14T12:17:38.917+05:30  INFO 17872 --- [ShoppingCartService] [AsyncResolver-bootstrap-executor-%d] c.n.d.s.r.aws.ConfigClusterResolver      : Resolving eureka endpoints via configuration
2025-05-14T12:22:38.919+05:30  INFO 17872 --- [ShoppingCartService] [AsyncResolver-bootstrap-executor-%d] c.n.d.s.r.aws.ConfigClusterResolver      : Resolving eureka endpoints via configuration
2025-05-14T12:27:38.922+05:30  INFO 17872 --- [ShoppingCartService] [AsyncResolver-bootstrap-executor-%d] c.n.d.s.r.aws.ConfigClusterResolver      : Resolving eureka endpoints via configuration
2025-05-14T12:32:38.932+05:30  INFO 17872 --- [ShoppingCartService] [AsyncResolver-bootstrap-executor-%d] c.n.d.s.r.aws.ConfigClusterResolver      : Resolving eureka endpoints via configuration
2025-05-14T12:37:38.942+05:30  INFO 17872 --- [ShoppingCartService] [AsyncResolver-bootstrap-executor-%d] c.n.d.s.r.aws.ConfigClusterResolver      : Resolving eureka endpoints via configuration
2025-05-14T12:42:38.948+05:30  INFO 17872 --- [ShoppingCartService] [AsyncResolver-bootstrap-executor-%d] c.n.d.s.r.aws.ConfigClusterResolver      : Resolving eureka endpoints via configuration
2025-05-14T12:47:38.965+05:30  INFO 17872 --- [ShoppingCartService] [AsyncResolver-bootstrap-executor-%d] c.n.d.s.r.aws.ConfigClusterResolver      : Resolving eureka endpoints via configuration
2025-05-14T13:29:15.099+05:30  WARN 17872 --- [ShoppingCartService] [HikariPool-1 housekeeper] com.zaxxer.hikari.pool.HikariPool        : HikariPool-1 - Thread starvation or clock leap detected (housekeeper delta=39m33s16ms970µs800ns).
2025-05-14T13:31:41.983+05:30  INFO 17872 --- [ShoppingCartService] [AsyncResolver-bootstrap-executor-%d] c.n.d.s.r.aws.ConfigClusterResolver      : Resolving eureka endpoints via configuration
2025-05-14T13:36:41.987+05:30  INFO 17872 --- [ShoppingCartService] [AsyncResolver-bootstrap-executor-%d] c.n.d.s.r.aws.ConfigClusterResolver      : Resolving eureka endpoints via configuration
2025-05-14T13:41:41.999+05:30  INFO 17872 --- [ShoppingCartService] [AsyncResolver-bootstrap-executor-%d] c.n.d.s.r.aws.ConfigClusterResolver      : Resolving eureka endpoints via configuration
2025-05-14T13:46:42.008+05:30  INFO 17872 --- [ShoppingCartService] [AsyncResolver-bootstrap-executor-%d] c.n.d.s.r.aws.ConfigClusterResolver      : Resolving eureka endpoints via configuration
2025-05-14T13:51:42.011+05:30  INFO 17872 --- [ShoppingCartService] [AsyncResolver-bootstrap-executor-%d] c.n.d.s.r.aws.ConfigClusterResolver      : Resolving eureka endpoints via configuration
2025-05-14T13:56:42.020+05:30  INFO 17872 --- [ShoppingCartService] [AsyncResolver-bootstrap-executor-%d] c.n.d.s.r.aws.ConfigClusterResolver      : Resolving eureka endpoints via configuration
2025-05-14T14:01:42.036+05:30  INFO 17872 --- [ShoppingCartService] [AsyncResolver-bootstrap-executor-%d] c.n.d.s.r.aws.ConfigClusterResolver      : Resolving eureka endpoints via configuration
2025-05-14T14:06:42.049+05:30  INFO 17872 --- [ShoppingCartService] [AsyncResolver-bootstrap-executor-%d] c.n.d.s.r.aws.ConfigClusterResolver      : Resolving eureka endpoints via configuration
2025-05-14T14:11:42.066+05:30  INFO 17872 --- [ShoppingCartService] [AsyncResolver-bootstrap-executor-%d] c.n.d.s.r.aws.ConfigClusterResolver      : Resolving eureka endpoints via configuration
2025-05-14T14:16:42.068+05:30  INFO 17872 --- [ShoppingCartService] [AsyncResolver-bootstrap-executor-%d] c.n.d.s.r.aws.ConfigClusterResolver      : Resolving eureka endpoints via configuration
2025-05-14T14:21:42.114+05:30  INFO 17872 --- [ShoppingCartService] [AsyncResolver-bootstrap-executor-%d] c.n.d.s.r.aws.ConfigClusterResolver      : Resolving eureka endpoints via configuration
2025-05-14T14:26:42.116+05:30  INFO 17872 --- [ShoppingCartService] [AsyncResolver-bootstrap-executor-%d] c.n.d.s.r.aws.ConfigClusterResolver      : Resolving eureka endpoints via configuration
2025-05-14T14:31:42.125+05:30  INFO 17872 --- [ShoppingCartService] [AsyncResolver-bootstrap-executor-%d] c.n.d.s.r.aws.ConfigClusterResolver      : Resolving eureka endpoints via configuration
2025-05-14T14:36:42.137+05:30  INFO 17872 --- [ShoppingCartService] [AsyncResolver-bootstrap-executor-%d] c.n.d.s.r.aws.ConfigClusterResolver      : Resolving eureka endpoints via configuration
2025-05-14T14:41:42.145+05:30  INFO 17872 --- [ShoppingCartService] [AsyncResolver-bootstrap-executor-%d] c.n.d.s.r.aws.ConfigClusterResolver      : Resolving eureka endpoints via configuration
2025-05-14T14:46:06.332+05:30  WARN 17872 --- [ShoppingCartService] [HikariPool-1 housekeeper] com.zaxxer.hikari.pool.HikariPool        : HikariPool-1 - Thread starvation or clock leap detected (housekeeper delta=2m49s519ms709µs500ns).
2025-05-14T14:49:01.650+05:30  INFO 17872 --- [ShoppingCartService] [AsyncResolver-bootstrap-executor-%d] c.n.d.s.r.aws.ConfigClusterResolver      : Resolving eureka endpoints via configuration
2025-05-14T14:54:01.659+05:30  INFO 17872 --- [ShoppingCartService] [AsyncResolver-bootstrap-executor-%d] c.n.d.s.r.aws.ConfigClusterResolver      : Resolving eureka endpoints via configuration
2025-05-14T14:57:00.760+05:30  INFO 17872 --- [ShoppingCartService] [http-nio-8083-exec-9] c.e.demo.service.CartItemServiceImpl     : Fetching all cart items
2025-05-14T14:57:00.778+05:30  INFO 17872 --- [ShoppingCartService] [http-nio-8083-exec-9] c.e.demo.service.CartItemServiceImpl     : Total cart items fetched: 0
2025-05-14T14:57:14.639+05:30  INFO 17872 --- [ShoppingCartService] [http-nio-8083-exec-10] c.e.demo.service.CartItemServiceImpl     : Adding cart item for productId=3 and userId=1
2025-05-14T14:57:14.725+05:30  INFO 17872 --- [ShoppingCartService] [http-nio-8083-exec-10] c.e.demo.service.CartItemServiceImpl     : Cart item added successfully with totalPrice=3000.0
2025-05-14T14:57:42.313+05:30  INFO 17872 --- [ShoppingCartService] [http-nio-8083-exec-1] c.e.demo.service.CartItemServiceImpl     : Fetching cart items for user ID: 1
2025-05-14T14:57:42.322+05:30  INFO 17872 --- [ShoppingCartService] [http-nio-8083-exec-1] c.e.demo.service.CartItemServiceImpl     : Total cart items for user 1: 1
2025-05-14T14:59:01.675+05:30  INFO 17872 --- [ShoppingCartService] [AsyncResolver-bootstrap-executor-%d] c.n.d.s.r.aws.ConfigClusterResolver      : Resolving eureka endpoints via configuration
2025-05-14T14:59:02.079+05:30  INFO 17872 --- [ShoppingCartService] [http-nio-8083-exec-4] c.e.demo.service.CartItemServiceImpl     : Fetching cart items for user ID: 1
2025-05-14T14:59:02.087+05:30  INFO 17872 --- [ShoppingCartService] [http-nio-8083-exec-4] c.e.demo.service.CartItemServiceImpl     : Total cart items for user 1: 1
2025-05-14T14:59:56.950+05:30  INFO 17872 --- [ShoppingCartService] [http-nio-8083-exec-5] c.e.demo.service.CartItemServiceImpl     : Attempting to delete cart item with ID: 12
2025-05-14T14:59:56.972+05:30  INFO 17872 --- [ShoppingCartService] [http-nio-8083-exec-5] c.e.demo.service.CartItemServiceImpl     : Cart item deleted: 12
2025-05-14T15:04:01.756+05:30  INFO 17872 --- [ShoppingCartService] [AsyncResolver-bootstrap-executor-%d] c.n.d.s.r.aws.ConfigClusterResolver      : Resolving eureka endpoints via configuration
2025-05-14T15:09:01.774+05:30  INFO 17872 --- [ShoppingCartService] [AsyncResolver-bootstrap-executor-%d] c.n.d.s.r.aws.ConfigClusterResolver      : Resolving eureka endpoints via configuration
2025-05-14T15:14:01.788+05:30  INFO 17872 --- [ShoppingCartService] [AsyncResolver-bootstrap-executor-%d] c.n.d.s.r.aws.ConfigClusterResolver      : Resolving eureka endpoints via configuration
2025-05-14T15:19:01.801+05:30  INFO 17872 --- [ShoppingCartService] [AsyncResolver-bootstrap-executor-%d] c.n.d.s.r.aws.ConfigClusterResolver      : Resolving eureka endpoints via configuration
2025-05-14T15:24:01.805+05:30  INFO 17872 --- [ShoppingCartService] [AsyncResolver-bootstrap-executor-%d] c.n.d.s.r.aws.ConfigClusterResolver      : Resolving eureka endpoints via configuration
2025-05-14T15:24:27.083+05:30  INFO 17872 --- [ShoppingCartService] [http-nio-8083-exec-8] c.e.demo.service.CartItemServiceImpl     : Adding cart item for productId=4 and userId=1
2025-05-14T15:24:27.880+05:30  INFO 17872 --- [ShoppingCartService] [http-nio-8083-exec-8] c.e.demo.service.CartItemServiceImpl     : Cart item added successfully with totalPrice=31500.0
2025-05-14T15:24:36.068+05:30  INFO 17872 --- [ShoppingCartService] [http-nio-8083-exec-9] c.e.demo.service.CartItemServiceImpl     : Fetching cart items for user ID: 1
2025-05-14T15:24:36.074+05:30  INFO 17872 --- [ShoppingCartService] [http-nio-8083-exec-9] c.e.demo.service.CartItemServiceImpl     : Total cart items for user 1: 1
2025-05-14T15:24:57.301+05:30  INFO 17872 --- [ShoppingCartService] [http-nio-8083-exec-10] c.e.demo.service.CartItemServiceImpl     : Fetching cart item with product for cartItemId=13
2025-05-14T15:24:57.359+05:30  INFO 17872 --- [ShoppingCartService] [http-nio-8083-exec-10] c.e.demo.service.CartItemServiceImpl     : Returning cart item with product details
2025-05-14T15:26:27.158+05:30  INFO 17872 --- [ShoppingCartService] [http-nio-8083-exec-2] c.e.demo.service.CartItemServiceImpl     : Fetching cart item with product for cartItemId=14
2025-05-14T15:26:27.165+05:30 ERROR 17872 --- [ShoppingCartService] [http-nio-8083-exec-2] c.e.demo.service.CartItemServiceImpl     : CartItem not found: 14
2025-05-14T15:26:27.230+05:30  WARN 17872 --- [ShoppingCartService] [http-nio-8083-exec-2] .m.m.a.ExceptionHandlerExceptionResolver : Resolved [java.lang.RuntimeException: CartItem not found]
2025-05-14T15:27:48.024+05:30  INFO 17872 --- [ShoppingCartService] [http-nio-8083-exec-3] c.e.demo.service.CartItemServiceImpl     : Fetching cart item with product for cartItemId=13
2025-05-14T15:27:48.104+05:30  INFO 17872 --- [ShoppingCartService] [http-nio-8083-exec-3] c.e.demo.service.CartItemServiceImpl     : Returning cart item with product details
2025-05-14T15:29:01.806+05:30  INFO 17872 --- [ShoppingCartService] [AsyncResolver-bootstrap-executor-%d] c.n.d.s.r.aws.ConfigClusterResolver      : Resolving eureka endpoints via configuration
2025-05-14T15:34:01.811+05:30  INFO 17872 --- [ShoppingCartService] [AsyncResolver-bootstrap-executor-%d] c.n.d.s.r.aws.ConfigClusterResolver      : Resolving eureka endpoints via configuration
2025-05-14T15:39:01.813+05:30  INFO 17872 --- [ShoppingCartService] [AsyncResolver-bootstrap-executor-%d] c.n.d.s.r.aws.ConfigClusterResolver      : Resolving eureka endpoints via configuration
2025-05-14T15:39:44.425+05:30  INFO 17872 --- [ShoppingCartService] [RMI TCP Connection(292)-127.0.0.1] inMXBeanRegistrar$SpringApplicationAdmin : Application shutdown requested.
2025-05-14T15:39:44.436+05:30  INFO 17872 --- [ShoppingCartService] [RMI TCP Connection(292)-127.0.0.1] o.s.c.n.e.s.EurekaServiceRegistry        : Unregistering application SHOPPINGCARTSERVICE with eureka with status DOWN
2025-05-14T15:39:44.436+05:30  INFO 17872 --- [ShoppingCartService] [RMI TCP Connection(292)-127.0.0.1] com.netflix.discovery.DiscoveryClient    : Saw local status change event StatusChangeEvent [timestamp=1747217384436, current=DOWN, previous=UP]
2025-05-14T15:39:44.436+05:30  INFO 17872 --- [ShoppingCartService] [DiscoveryClient-InstanceInfoReplicator-%d] com.netflix.discovery.DiscoveryClient    : DiscoveryClient_SHOPPINGCARTSERVICE/LTIN600818.cts.com:ShoppingCartService:8083: registering service...
2025-05-14T15:39:44.462+05:30  INFO 17872 --- [ShoppingCartService] [RMI TCP Connection(292)-127.0.0.1] o.s.b.w.e.tomcat.GracefulShutdown        : Commencing graceful shutdown. Waiting for active requests to complete
2025-05-14T15:39:44.470+05:30  INFO 17872 --- [ShoppingCartService] [DiscoveryClient-InstanceInfoReplicator-%d] c.n.d.s.t.d.RedirectingEurekaHttpClient  : Request execution error. endpoint=DefaultEndpoint{ serviceUrl='http://localhost:8761/eureka/} exception=I/O error on POST request for "http://localhost:8761/eureka/apps/SHOPPINGCARTSERVICE": Connect to http://localhost:8761 [localhost/127.0.0.1, localhost/0:0:0:0:0:0:0:1] failed: Connection refused: getsockopt stacktrace=org.springframework.web.client.ResourceAccessException: I/O error on POST request for "http://localhost:8761/eureka/apps/SHOPPINGCARTSERVICE": Connect to http://localhost:8761 [localhost/127.0.0.1, localhost/0:0:0:0:0:0:0:1] failed: Connection refused: getsockopt
	at org.springframework.web.client.RestTemplate.createResourceAccessException(RestTemplate.java:926)
	at org.springframework.web.client.RestTemplate.doExecute(RestTemplate.java:906)
	at org.springframework.web.client.RestTemplate.execute(RestTemplate.java:841)
	at org.springframework.web.client.RestTemplate.exchange(RestTemplate.java:702)
	at org.springframework.cloud.netflix.eureka.http.RestTemplateEurekaHttpClient.register(RestTemplateEurekaHttpClient.java:87)
	at com.netflix.discovery.shared.transport.decorator.EurekaHttpClientDecorator$1.execute(EurekaHttpClientDecorator.java:59)
	at com.netflix.discovery.shared.transport.decorator.RedirectingEurekaHttpClient.execute(RedirectingEurekaHttpClient.java:91)
	at com.netflix.discovery.shared.transport.decorator.EurekaHttpClientDecorator.register(EurekaHttpClientDecorator.java:56)
	at com.netflix.discovery.shared.transport.decorator.EurekaHttpClientDecorator$1.execute(EurekaHttpClientDecorator.java:59)
	at com.netflix.discovery.shared.transport.decorator.RetryableEurekaHttpClient.execute(RetryableEurekaHttpClient.java:120)
	at com.netflix.discovery.shared.transport.decorator.EurekaHttpClientDecorator.register(EurekaHttpClientDecorator.java:56)
	at com.netflix.discovery.shared.transport.decorator.EurekaHttpClientDecorator$1.execute(EurekaHttpClientDecorator.java:59)
	at com.netflix.discovery.shared.transport.decorator.SessionedEurekaHttpClient.execute(SessionedEurekaHttpClient.java:76)
	at com.netflix.discovery.shared.transport.decorator.EurekaHttpClientDecorator.register(EurekaHttpClientDecorator.java:56)
	at com.netflix.discovery.DiscoveryClient.register(DiscoveryClient.java:828)
	at com.netflix.discovery.InstanceInfoReplicator.run(InstanceInfoReplicator.java:125)
	at com.netflix.discovery.InstanceInfoReplicator$2.run(InstanceInfoReplicator.java:105)
	at java.base/java.util.concurrent.Executors$RunnableAdapter.call(Executors.java:572)
	at java.base/java.util.concurrent.FutureTask.run(FutureTask.java:317)
	at java.base/java.util.concurrent.ScheduledThreadPoolExecutor$ScheduledFutureTask.run(ScheduledThreadPoolExecutor.java:304)
	at java.base/java.util.concurrent.ThreadPoolExecutor.runWorker(ThreadPoolExecutor.java:1144)
	at java.base/java.util.concurrent.ThreadPoolExecutor$Worker.run(ThreadPoolExecutor.java:642)
	at java.base/java.lang.Thread.run(Thread.java:1583)
Caused by: org.apache.hc.client5.http.HttpHostConnectException: Connect to http://localhost:8761 [localhost/127.0.0.1, localhost/0:0:0:0:0:0:0:1] failed: Connection refused: getsockopt
	at java.base/sun.nio.ch.Net.pollConnect(Native Method)
	at java.base/sun.nio.ch.Net.pollConnectNow(Net.java:682)
	at java.base/sun.nio.ch.NioSocketImpl.timedFinishConnect(NioSocketImpl.java:542)
	at java.base/sun.nio.ch.NioSocketImpl.connect(NioSocketImpl.java:592)
	at java.base/java.net.SocksSocketImpl.connect(SocksSocketImpl.java:327)
	at java.base/java.net.Socket.connect(Socket.java:751)
	at org.apache.hc.client5.http.impl.io.DefaultHttpClientConnectionOperator.connect(DefaultHttpClientConnectionOperator.java:216)
	at org.apache.hc.client5.http.impl.io.PoolingHttpClientConnectionManager.connect(PoolingHttpClientConnectionManager.java:490)
	at org.apache.hc.client5.http.impl.classic.InternalExecRuntime.connectEndpoint(InternalExecRuntime.java:164)
	at org.apache.hc.client5.http.impl.classic.InternalExecRuntime.connectEndpoint(InternalExecRuntime.java:174)
	at org.apache.hc.client5.http.impl.classic.ConnectExec.execute(ConnectExec.java:144)
	at org.apache.hc.client5.http.impl.classic.ExecChainElement.execute(ExecChainElement.java:51)
	at org.apache.hc.client5.http.impl.classic.ProtocolExec.execute(ProtocolExec.java:192)
	at org.apache.hc.client5.http.impl.classic.ExecChainElement.execute(ExecChainElement.java:51)
	at org.apache.hc.client5.http.impl.classic.ContentCompressionExec.execute(ContentCompressionExec.java:150)
	at org.apache.hc.client5.http.impl.classic.ExecChainElement.execute(ExecChainElement.java:51)
	at org.apache.hc.client5.http.impl.classic.HttpRequestRetryExec.execute(HttpRequestRetryExec.java:113)
	at org.apache.hc.client5.http.impl.classic.ExecChainElement.execute(ExecChainElement.java:51)
	at org.apache.hc.client5.http.impl.classic.RedirectExec.execute(RedirectExec.java:110)
	at org.apache.hc.client5.http.impl.classic.ExecChainElement.execute(ExecChainElement.java:51)
	at org.apache.hc.client5.http.impl.classic.InternalHttpClient.doExecute(InternalHttpClient.java:183)
	at org.apache.hc.client5.http.impl.classic.CloseableHttpClient.execute(CloseableHttpClient.java:87)
	at org.apache.hc.client5.http.impl.classic.CloseableHttpClient.execute(CloseableHttpClient.java:55)
	at org.apache.hc.client5.http.classic.HttpClient.executeOpen(HttpClient.java:183)
	at org.springframework.http.client.HttpComponentsClientHttpRequest.executeInternal(HttpComponentsClientHttpRequest.java:99)
	at org.springframework.http.client.AbstractStreamingClientHttpRequest.executeInternal(AbstractStreamingClientHttpRequest.java:71)
	at org.springframework.http.client.AbstractClientHttpRequest.execute(AbstractClientHttpRequest.java:81)
	at org.springframework.http.client.InterceptingClientHttpRequest$InterceptingRequestExecution.execute(InterceptingClientHttpRequest.java:117)
	at org.springframework.cloud.netflix.eureka.http.RestTemplateTransportClientFactory.lambda$restTemplate$2(RestTemplateTransportClientFactory.java:145)
	at org.springframework.http.client.InterceptingClientHttpRequest$InterceptingRequestExecution.execute(InterceptingClientHttpRequest.java:88)
	at org.springframework.http.client.InterceptingClientHttpRequest.executeInternal(InterceptingClientHttpRequest.java:72)
	at org.springframework.http.client.AbstractBufferingClientHttpRequest.executeInternal(AbstractBufferingClientHttpRequest.java:48)
	at org.springframework.http.client.AbstractClientHttpRequest.execute(AbstractClientHttpRequest.java:81)
	at org.springframework.web.client.RestTemplate.doExecute(RestTemplate.java:900)
	... 21 more

2025-05-14T15:39:44.470+05:30  WARN 17872 --- [ShoppingCartService] [DiscoveryClient-InstanceInfoReplicator-%d] c.n.d.s.t.d.RetryableEurekaHttpClient    : Request execution failed with message: I/O error on POST request for "http://localhost:8761/eureka/apps/SHOPPINGCARTSERVICE": Connect to http://localhost:8761 [localhost/127.0.0.1, localhost/0:0:0:0:0:0:0:1] failed: Connection refused: getsockopt
2025-05-14T15:39:44.473+05:30  INFO 17872 --- [ShoppingCartService] [tomcat-shutdown] o.s.b.w.e.tomcat.GracefulShutdown        : Graceful shutdown complete
2025-05-14T15:39:44.482+05:30  INFO 17872 --- [ShoppingCartService] [DiscoveryClient-InstanceInfoReplicator-%d] c.n.d.s.t.d.RedirectingEurekaHttpClient  : Request execution error. endpoint=DefaultEndpoint{ serviceUrl='http://localhost:8761/eureka/}, exception=I/O error on POST request for "http://localhost:8761/eureka/apps/SHOPPINGCARTSERVICE": Connect to http://localhost:8761 [localhost/127.0.0.1, localhost/0:0:0:0:0:0:0:1] failed: Connection refused: getsockopt stacktrace=org.springframework.web.client.ResourceAccessException: I/O error on POST request for "http://localhost:8761/eureka/apps/SHOPPINGCARTSERVICE": Connect to http://localhost:8761 [localhost/127.0.0.1, localhost/0:0:0:0:0:0:0:1] failed: Connection refused: getsockopt
	at org.springframework.web.client.RestTemplate.createResourceAccessException(RestTemplate.java:926)
	at org.springframework.web.client.RestTemplate.doExecute(RestTemplate.java:906)
	at org.springframework.web.client.RestTemplate.execute(RestTemplate.java:841)
	at org.springframework.web.client.RestTemplate.exchange(RestTemplate.java:702)
	at org.springframework.cloud.netflix.eureka.http.RestTemplateEurekaHttpClient.register(RestTemplateEurekaHttpClient.java:87)
	at com.netflix.discovery.shared.transport.decorator.EurekaHttpClientDecorator$1.execute(EurekaHttpClientDecorator.java:59)
	at com.netflix.discovery.shared.transport.decorator.RedirectingEurekaHttpClient.executeOnNewServer(RedirectingEurekaHttpClient.java:121)
	at com.netflix.discovery.shared.transport.decorator.RedirectingEurekaHttpClient.execute(RedirectingEurekaHttpClient.java:80)
	at com.netflix.discovery.shared.transport.decorator.EurekaHttpClientDecorator.register(EurekaHttpClientDecorator.java:56)
	at com.netflix.discovery.shared.transport.decorator.EurekaHttpClientDecorator$1.execute(EurekaHttpClientDecorator.java:59)
	at com.netflix.discovery.shared.transport.decorator.RetryableEurekaHttpClient.execute(RetryableEurekaHttpClient.java:120)
	at com.netflix.discovery.shared.transport.decorator.EurekaHttpClientDecorator.register(EurekaHttpClientDecorator.java:56)
	at com.netflix.discovery.shared.transport.decorator.EurekaHttpClientDecorator$1.execute(EurekaHttpClientDecorator.java:59)
	at com.netflix.discovery.shared.transport.decorator.SessionedEurekaHttpClient.execute(SessionedEurekaHttpClient.java:76)
	at com.netflix.discovery.shared.transport.decorator.EurekaHttpClientDecorator.register(EurekaHttpClientDecorator.java:56)
	at com.netflix.discovery.DiscoveryClient.register(DiscoveryClient.java:828)
	at com.netflix.discovery.InstanceInfoReplicator.run(InstanceInfoReplicator.java:125)
	at com.netflix.discovery.InstanceInfoReplicator$2.run(InstanceInfoReplicator.java:105)
	at java.base/java.util.concurrent.Executors$RunnableAdapter.call(Executors.java:572)
	at java.base/java.util.concurrent.FutureTask.run(FutureTask.java:317)
	at java.base/java.util.concurrent.ScheduledThreadPoolExecutor$ScheduledFutureTask.run(ScheduledThreadPoolExecutor.java:304)
	at java.base/java.util.concurrent.ThreadPoolExecutor.runWorker(ThreadPoolExecutor.java:1144)
	at java.base/java.util.concurrent.ThreadPoolExecutor$Worker.run(ThreadPoolExecutor.java:642)
	at java.base/java.lang.Thread.run(Thread.java:1583)
Caused by: org.apache.hc.client5.http.HttpHostConnectException: Connect to http://localhost:8761 [localhost/127.0.0.1, localhost/0:0:0:0:0:0:0:1] failed: Connection refused: getsockopt
	at java.base/sun.nio.ch.Net.pollConnect(Native Method)
	at java.base/sun.nio.ch.Net.pollConnectNow(Net.java:682)
	at java.base/sun.nio.ch.NioSocketImpl.timedFinishConnect(NioSocketImpl.java:542)
	at java.base/sun.nio.ch.NioSocketImpl.connect(NioSocketImpl.java:592)
	at java.base/java.net.SocksSocketImpl.connect(SocksSocketImpl.java:327)
	at java.base/java.net.Socket.connect(Socket.java:751)
	at org.apache.hc.client5.http.impl.io.DefaultHttpClientConnectionOperator.connect(DefaultHttpClientConnectionOperator.java:216)
	at org.apache.hc.client5.http.impl.io.PoolingHttpClientConnectionManager.connect(PoolingHttpClientConnectionManager.java:490)
	at org.apache.hc.client5.http.impl.classic.InternalExecRuntime.connectEndpoint(InternalExecRuntime.java:164)
	at org.apache.hc.client5.http.impl.classic.InternalExecRuntime.connectEndpoint(InternalExecRuntime.java:174)
	at org.apache.hc.client5.http.impl.classic.ConnectExec.execute(ConnectExec.java:144)
	at org.apache.hc.client5.http.impl.classic.ExecChainElement.execute(ExecChainElement.java:51)
	at org.apache.hc.client5.http.impl.classic.ProtocolExec.execute(ProtocolExec.java:192)
	at org.apache.hc.client5.http.impl.classic.ExecChainElement.execute(ExecChainElement.java:51)
	at org.apache.hc.client5.http.impl.classic.ContentCompressionExec.execute(ContentCompressionExec.java:150)
	at org.apache.hc.client5.http.impl.classic.ExecChainElement.execute(ExecChainElement.java:51)
	at org.apache.hc.client5.http.impl.classic.HttpRequestRetryExec.execute(HttpRequestRetryExec.java:113)
	at org.apache.hc.client5.http.impl.classic.ExecChainElement.execute(ExecChainElement.java:51)
	at org.apache.hc.client5.http.impl.classic.RedirectExec.execute(RedirectExec.java:110)
	at org.apache.hc.client5.http.impl.classic.ExecChainElement.execute(ExecChainElement.java:51)
	at org.apache.hc.client5.http.impl.classic.InternalHttpClient.doExecute(InternalHttpClient.java:183)
	at org.apache.hc.client5.http.impl.classic.CloseableHttpClient.execute(CloseableHttpClient.java:87)
	at org.apache.hc.client5.http.impl.classic.CloseableHttpClient.execute(CloseableHttpClient.java:55)
	at org.apache.hc.client5.http.classic.HttpClient.executeOpen(HttpClient.java:183)
	at org.springframework.http.client.HttpComponentsClientHttpRequest.executeInternal(HttpComponentsClientHttpRequest.java:99)
	at org.springframework.http.client.AbstractStreamingClientHttpRequest.executeInternal(AbstractStreamingClientHttpRequest.java:71)
	at org.springframework.http.client.AbstractClientHttpRequest.execute(AbstractClientHttpRequest.java:81)
	at org.springframework.http.client.InterceptingClientHttpRequest$InterceptingRequestExecution.execute(InterceptingClientHttpRequest.java:117)
	at org.springframework.cloud.netflix.eureka.http.RestTemplateTransportClientFactory.lambda$restTemplate$2(RestTemplateTransportClientFactory.java:145)
	at org.springframework.http.client.InterceptingClientHttpRequest$InterceptingRequestExecution.execute(InterceptingClientHttpRequest.java:88)
	at org.springframework.http.client.InterceptingClientHttpRequest.executeInternal(InterceptingClientHttpRequest.java:72)
	at org.springframework.http.client.AbstractBufferingClientHttpRequest.executeInternal(AbstractBufferingClientHttpRequest.java:48)
	at org.springframework.http.client.AbstractClientHttpRequest.execute(AbstractClientHttpRequest.java:81)
	at org.springframework.web.client.RestTemplate.doExecute(RestTemplate.java:900)
	... 22 more

2025-05-14T15:39:44.482+05:30  WARN 17872 --- [ShoppingCartService] [DiscoveryClient-InstanceInfoReplicator-%d] c.n.d.s.t.d.RetryableEurekaHttpClient    : Request execution failed with message: I/O error on POST request for "http://localhost:8761/eureka/apps/SHOPPINGCARTSERVICE": Connect to http://localhost:8761 [localhost/127.0.0.1, localhost/0:0:0:0:0:0:0:1] failed: Connection refused: getsockopt
2025-05-14T15:39:44.482+05:30  WARN 17872 --- [ShoppingCartService] [DiscoveryClient-InstanceInfoReplicator-%d] com.netflix.discovery.DiscoveryClient    : DiscoveryClient_SHOPPINGCARTSERVICE/LTIN600818.cts.com:ShoppingCartService:8083 - registration failed Cannot execute request on any known server

com.netflix.discovery.shared.transport.TransportException: Cannot execute request on any known server
	at com.netflix.discovery.shared.transport.decorator.RetryableEurekaHttpClient.execute(RetryableEurekaHttpClient.java:112) ~[eureka-client-2.0.4.jar:2.0.4]
	at com.netflix.discovery.shared.transport.decorator.EurekaHttpClientDecorator.register(EurekaHttpClientDecorator.java:56) ~[eureka-client-2.0.4.jar:2.0.4]
	at com.netflix.discovery.shared.transport.decorator.EurekaHttpClientDecorator$1.execute(EurekaHttpClientDecorator.java:59) ~[eureka-client-2.0.4.jar:2.0.4]
	at com.netflix.discovery.shared.transport.decorator.SessionedEurekaHttpClient.execute(SessionedEurekaHttpClient.java:76) ~[eureka-client-2.0.4.jar:2.0.4]
	at com.netflix.discovery.shared.transport.decorator.EurekaHttpClientDecorator.register(EurekaHttpClientDecorator.java:56) ~[eureka-client-2.0.4.jar:2.0.4]
	at com.netflix.discovery.DiscoveryClient.register(DiscoveryClient.java:828) ~[eureka-client-2.0.4.jar:2.0.4]
	at com.netflix.discovery.InstanceInfoReplicator.run(InstanceInfoReplicator.java:125) ~[eureka-client-2.0.4.jar:2.0.4]
	at com.netflix.discovery.InstanceInfoReplicator$2.run(InstanceInfoReplicator.java:105) ~[eureka-client-2.0.4.jar:2.0.4]
	at java.base/java.util.concurrent.Executors$RunnableAdapter.call(Executors.java:572) ~[na:na]
	at java.base/java.util.concurrent.FutureTask.run(FutureTask.java:317) ~[na:na]
	at java.base/java.util.concurrent.ScheduledThreadPoolExecutor$ScheduledFutureTask.run(ScheduledThreadPoolExecutor.java:304) ~[na:na]
	at java.base/java.util.concurrent.ThreadPoolExecutor.runWorker(ThreadPoolExecutor.java:1144) ~[na:na]
	at java.base/java.util.concurrent.ThreadPoolExecutor$Worker.run(ThreadPoolExecutor.java:642) ~[na:na]
	at java.base/java.lang.Thread.run(Thread.java:1583) ~[na:na]

2025-05-14T15:39:44.485+05:30  WARN 17872 --- [ShoppingCartService] [DiscoveryClient-InstanceInfoReplicator-%d] c.n.discovery.InstanceInfoReplicator     : There was a problem with the instance info replicator

com.netflix.discovery.shared.transport.TransportException: Cannot execute request on any known server
	at com.netflix.discovery.shared.transport.decorator.RetryableEurekaHttpClient.execute(RetryableEurekaHttpClient.java:112) ~[eureka-client-2.0.4.jar:2.0.4]
	at com.netflix.discovery.shared.transport.decorator.EurekaHttpClientDecorator.register(EurekaHttpClientDecorator.java:56) ~[eureka-client-2.0.4.jar:2.0.4]
	at com.netflix.discovery.shared.transport.decorator.EurekaHttpClientDecorator$1.execute(EurekaHttpClientDecorator.java:59) ~[eureka-client-2.0.4.jar:2.0.4]
	at com.netflix.discovery.shared.transport.decorator.SessionedEurekaHttpClient.execute(SessionedEurekaHttpClient.java:76) ~[eureka-client-2.0.4.jar:2.0.4]
	at com.netflix.discovery.shared.transport.decorator.EurekaHttpClientDecorator.register(EurekaHttpClientDecorator.java:56) ~[eureka-client-2.0.4.jar:2.0.4]
	at com.netflix.discovery.DiscoveryClient.register(DiscoveryClient.java:828) ~[eureka-client-2.0.4.jar:2.0.4]
	at com.netflix.discovery.InstanceInfoReplicator.run(InstanceInfoReplicator.java:125) ~[eureka-client-2.0.4.jar:2.0.4]
	at com.netflix.discovery.InstanceInfoReplicator$2.run(InstanceInfoReplicator.java:105) ~[eureka-client-2.0.4.jar:2.0.4]
	at java.base/java.util.concurrent.Executors$RunnableAdapter.call(Executors.java:572) ~[na:na]
	at java.base/java.util.concurrent.FutureTask.run(FutureTask.java:317) ~[na:na]
	at java.base/java.util.concurrent.ScheduledThreadPoolExecutor$ScheduledFutureTask.run(ScheduledThreadPoolExecutor.java:304) ~[na:na]
	at java.base/java.util.concurrent.ThreadPoolExecutor.runWorker(ThreadPoolExecutor.java:1144) ~[na:na]
	at java.base/java.util.concurrent.ThreadPoolExecutor$Worker.run(ThreadPoolExecutor.java:642) ~[na:na]
	at java.base/java.lang.Thread.run(Thread.java:1583) ~[na:na]

2025-05-14T15:39:44.496+05:30  INFO 17872 --- [ShoppingCartService] [RMI TCP Connection(292)-127.0.0.1] j.LocalContainerEntityManagerFactoryBean : Closing JPA EntityManagerFactory for persistence unit 'default'
2025-05-14T15:39:44.507+05:30  INFO 17872 --- [ShoppingCartService] [RMI TCP Connection(292)-127.0.0.1] com.zaxxer.hikari.HikariDataSource       : HikariPool-1 - Shutdown initiated...
2025-05-14T15:39:44.514+05:30  INFO 17872 --- [ShoppingCartService] [RMI TCP Connection(292)-127.0.0.1] com.zaxxer.hikari.HikariDataSource       : HikariPool-1 - Shutdown completed.
2025-05-14T15:39:44.515+05:30  INFO 17872 --- [ShoppingCartService] [RMI TCP Connection(292)-127.0.0.1] com.netflix.discovery.DiscoveryClient    : Shutting down DiscoveryClient ...
2025-05-14T15:39:47.516+05:30  INFO 17872 --- [ShoppingCartService] [RMI TCP Connection(292)-127.0.0.1] com.netflix.discovery.DiscoveryClient    : Unregistering ...
2025-05-14T15:39:47.548+05:30  INFO 17872 --- [ShoppingCartService] [RMI TCP Connection(292)-127.0.0.1] c.n.d.s.t.d.RedirectingEurekaHttpClient  : Request execution error. endpoint=DefaultEndpoint{ serviceUrl='http://localhost:8761/eureka/}, exception=I/O error on DELETE request for "http://localhost:8761/eureka/apps/SHOPPINGCARTSERVICE/LTIN600818.cts.com:ShoppingCartService:8083": Connect to http://localhost:8761 [localhost/127.0.0.1, localhost/0:0:0:0:0:0:0:1] failed: Connection refused: getsockopt stacktrace=org.springframework.web.client.ResourceAccessException: I/O error on DELETE request for "http://localhost:8761/eureka/apps/SHOPPINGCARTSERVICE/LTIN600818.cts.com:ShoppingCartService:8083": Connect to http://localhost:8761 [localhost/127.0.0.1, localhost/0:0:0:0:0:0:0:1] failed: Connection refused: getsockopt
	at org.springframework.web.client.RestTemplate.createResourceAccessException(RestTemplate.java:926)
	at org.springframework.web.client.RestTemplate.doExecute(RestTemplate.java:906)
	at org.springframework.web.client.RestTemplate.execute(RestTemplate.java:841)
	at org.springframework.web.client.RestTemplate.exchange(RestTemplate.java:702)
	at org.springframework.cloud.netflix.eureka.http.RestTemplateEurekaHttpClient.cancel(RestTemplateEurekaHttpClient.java:100)
	at com.netflix.discovery.shared.transport.decorator.EurekaHttpClientDecorator$2.execute(EurekaHttpClientDecorator.java:74)
	at com.netflix.discovery.shared.transport.decorator.RedirectingEurekaHttpClient.executeOnNewServer(RedirectingEurekaHttpClient.java:121)
	at com.netflix.discovery.shared.transport.decorator.RedirectingEurekaHttpClient.execute(RedirectingEurekaHttpClient.java:80)
	at com.netflix.discovery.shared.transport.decorator.EurekaHttpClientDecorator.cancel(EurekaHttpClientDecorator.java:71)
	at com.netflix.discovery.shared.transport.decorator.EurekaHttpClientDecorator$2.execute(EurekaHttpClientDecorator.java:74)
	at com.netflix.discovery.shared.transport.decorator.RetryableEurekaHttpClient.execute(RetryableEurekaHttpClient.java:120)
	at com.netflix.discovery.shared.transport.decorator.EurekaHttpClientDecorator.cancel(EurekaHttpClientDecorator.java:71)
	at com.netflix.discovery.shared.transport.decorator.EurekaHttpClientDecorator$2.execute(EurekaHttpClientDecorator.java:74)
	at com.netflix.discovery.shared.transport.decorator.SessionedEurekaHttpClient.execute(SessionedEurekaHttpClient.java:76)
	at com.netflix.discovery.shared.transport.decorator.EurekaHttpClientDecorator.cancel(EurekaHttpClientDecorator.java:71)
	at com.netflix.discovery.DiscoveryClient.unregister(DiscoveryClient.java:919)
	at com.netflix.discovery.DiscoveryClient.shutdown(DiscoveryClient.java:900)
	at java.base/jdk.internal.reflect.DirectMethodHandleAccessor.invoke(DirectMethodHandleAccessor.java:103)
	at java.base/java.lang.reflect.Method.invoke(Method.java:580)
	at org.springframework.beans.factory.annotation.InitDestroyAnnotationBeanPostProcessor$LifecycleMethod.invoke(InitDestroyAnnotationBeanPostProcessor.java:457)
	at org.springframework.beans.factory.annotation.InitDestroyAnnotationBeanPostProcessor$LifecycleMetadata.invokeDestroyMethods(InitDestroyAnnotationBeanPostProcessor.java:415)
	at org.springframework.beans.factory.annotation.InitDestroyAnnotationBeanPostProcessor.postProcessBeforeDestruction(InitDestroyAnnotationBeanPostProcessor.java:239)
	at org.springframework.beans.factory.support.DisposableBeanAdapter.destroy(DisposableBeanAdapter.java:202)
	at org.springframework.beans.factory.support.DisposableBeanAdapter.run(DisposableBeanAdapter.java:195)
	at org.springframework.cloud.context.scope.GenericScope$BeanLifecycleWrapper.destroy(GenericScope.java:389)
	at org.springframework.cloud.context.scope.GenericScope.destroy(GenericScope.java:136)
	at org.springframework.beans.factory.support.DisposableBeanAdapter.destroy(DisposableBeanAdapter.java:211)
	at org.springframework.beans.factory.support.DefaultSingletonBeanRegistry.destroyBean(DefaultSingletonBeanRegistry.java:796)
	at org.springframework.beans.factory.support.DefaultSingletonBeanRegistry.destroySingleton(DefaultSingletonBeanRegistry.java:746)
	at org.springframework.beans.factory.support.DefaultListableBeanFactory.destroySingleton(DefaultListableBeanFactory.java:1473)
	at org.springframework.beans.factory.support.DefaultSingletonBeanRegistry.destroySingletons(DefaultSingletonBeanRegistry.java:705)
	at org.springframework.beans.factory.support.DefaultListableBeanFactory.destroySingletons(DefaultListableBeanFactory.java:1466)
	at org.springframework.context.support.AbstractApplicationContext.destroyBeans(AbstractApplicationContext.java:1219)
	at org.springframework.context.support.AbstractApplicationContext.doClose(AbstractApplicationContext.java:1180)
	at org.springframework.boot.web.servlet.context.ServletWebServerApplicationContext.doClose(ServletWebServerApplicationContext.java:179)
	at org.springframework.context.support.AbstractApplicationContext.close(AbstractApplicationContext.java:1126)
	at org.springframework.boot.admin.SpringApplicationAdminMXBeanRegistrar$SpringApplicationAdmin.shutdown(SpringApplicationAdminMXBeanRegistrar.java:160)
	at java.base/jdk.internal.reflect.DirectMethodHandleAccessor.invoke(DirectMethodHandleAccessor.java:103)
	at java.base/java.lang.reflect.Method.invoke(Method.java:580)
	at sun.reflect.misc.Trampoline.invoke(MethodUtil.java:64)
	at java.base/jdk.internal.reflect.DirectMethodHandleAccessor.invoke(DirectMethodHandleAccessor.java:103)
	at java.base/java.lang.reflect.Method.invoke(Method.java:580)
	at java.base/sun.reflect.misc.MethodUtil.invoke(MethodUtil.java:97)
	at java.management/com.sun.jmx.mbeanserver.ConvertingMethod.invokeWithOpenReturn(ConvertingMethod.java:193)
	at java.management/com.sun.jmx.mbeanserver.ConvertingMethod.invokeWithOpenReturn(ConvertingMethod.java:175)
	at java.management/com.sun.jmx.mbeanserver.MXBeanIntrospector.invokeM2(MXBeanIntrospector.java:115)
	at java.management/com.sun.jmx.mbeanserver.MXBeanIntrospector.invokeM2(MXBeanIntrospector.java:52)
	at java.management/com.sun.jmx.mbeanserver.MBeanIntrospector.invokeM(MBeanIntrospector.java:236)
	at java.management/com.sun.jmx.mbeanserver.PerInterface.invoke(PerInterface.java:138)
	at java.management/com.sun.jmx.mbeanserver.MBeanSupport.invoke(MBeanSupport.java:252)
	at java.management/com.sun.jmx.interceptor.DefaultMBeanServerInterceptor.invoke(DefaultMBeanServerInterceptor.java:803)
	at java.management/com.sun.jmx.mbeanserver.JmxMBeanServer.invoke(JmxMBeanServer.java:802)
	at java.management.rmi/javax.management.remote.rmi.RMIConnectionImpl.doOperation(RMIConnectionImpl.java:1472)
	at java.management.rmi/javax.management.remote.rmi.RMIConnectionImpl$PrivilegedOperation.run(RMIConnectionImpl.java:1310)
	at java.management.rmi/javax.management.remote.rmi.RMIConnectionImpl.doPrivilegedOperation(RMIConnectionImpl.java:1405)
	at java.management.rmi/javax.management.remote.rmi.RMIConnectionImpl.invoke(RMIConnectionImpl.java:829)
	at java.base/jdk.internal.reflect.DirectMethodHandleAccessor.invoke(DirectMethodHandleAccessor.java:103)
	at java.base/java.lang.reflect.Method.invoke(Method.java:580)
	at java.rmi/sun.rmi.server.UnicastServerRef.dispatch(UnicastServerRef.java:360)
	at java.rmi/sun.rmi.transport.Transport$1.run(Transport.java:200)
	at java.rmi/sun.rmi.transport.Transport$1.run(Transport.java:197)
	at java.base/java.security.AccessController.doPrivileged(AccessController.java:714)
	at java.rmi/sun.rmi.transport.Transport.serviceCall(Transport.java:196)
	at java.rmi/sun.rmi.transport.tcp.TCPTransport.handleMessages(TCPTransport.java:598)
	at java.rmi/sun.rmi.transport.tcp.TCPTransport$ConnectionHandler.run0(TCPTransport.java:844)
	at java.rmi/sun.rmi.transport.tcp.TCPTransport$ConnectionHandler.lambda$run$0(TCPTransport.java:721)
	at java.base/java.security.AccessController.doPrivileged(AccessController.java:400)
	at java.rmi/sun.rmi.transport.tcp.TCPTransport$ConnectionHandler.run(TCPTransport.java:720)
	at java.base/java.util.concurrent.ThreadPoolExecutor.runWorker(ThreadPoolExecutor.java:1144)
	at java.base/java.util.concurrent.ThreadPoolExecutor$Worker.run(ThreadPoolExecutor.java:642)
	at java.base/java.lang.Thread.run(Thread.java:1583)
Caused by: org.apache.hc.client5.http.HttpHostConnectException: Connect to http://localhost:8761 [localhost/127.0.0.1, localhost/0:0:0:0:0:0:0:1] failed: Connection refused: getsockopt
	at java.base/sun.nio.ch.Net.pollConnect(Native Method)
	at java.base/sun.nio.ch.Net.pollConnectNow(Net.java:682)
	at java.base/sun.nio.ch.NioSocketImpl.timedFinishConnect(NioSocketImpl.java:542)
	at java.base/sun.nio.ch.NioSocketImpl.connect(NioSocketImpl.java:592)
	at java.base/java.net.SocksSocketImpl.connect(SocksSocketImpl.java:327)
	at java.base/java.net.Socket.connect(Socket.java:751)
	at org.apache.hc.client5.http.impl.io.DefaultHttpClientConnectionOperator.connect(DefaultHttpClientConnectionOperator.java:216)
	at org.apache.hc.client5.http.impl.io.PoolingHttpClientConnectionManager.connect(PoolingHttpClientConnectionManager.java:490)
	at org.apache.hc.client5.http.impl.classic.InternalExecRuntime.connectEndpoint(InternalExecRuntime.java:164)
	at org.apache.hc.client5.http.impl.classic.InternalExecRuntime.connectEndpoint(InternalExecRuntime.java:174)
	at org.apache.hc.client5.http.impl.classic.ConnectExec.execute(ConnectExec.java:144)
	at org.apache.hc.client5.http.impl.classic.ExecChainElement.execute(ExecChainElement.java:51)
	at org.apache.hc.client5.http.impl.classic.ProtocolExec.execute(ProtocolExec.java:192)
	at org.apache.hc.client5.http.impl.classic.ExecChainElement.execute(ExecChainElement.java:51)
	at org.apache.hc.client5.http.impl.classic.ContentCompressionExec.execute(ContentCompressionExec.java:150)
	at org.apache.hc.client5.http.impl.classic.ExecChainElement.execute(ExecChainElement.java:51)
	at org.apache.hc.client5.http.impl.classic.HttpRequestRetryExec.execute(HttpRequestRetryExec.java:113)
	at org.apache.hc.client5.http.impl.classic.ExecChainElement.execute(ExecChainElement.java:51)
	at org.apache.hc.client5.http.impl.classic.RedirectExec.execute(RedirectExec.java:110)
	at org.apache.hc.client5.http.impl.classic.ExecChainElement.execute(ExecChainElement.java:51)
	at org.apache.hc.client5.http.impl.classic.InternalHttpClient.doExecute(InternalHttpClient.java:183)
	at org.apache.hc.client5.http.impl.classic.CloseableHttpClient.execute(CloseableHttpClient.java:87)
	at org.apache.hc.client5.http.impl.classic.CloseableHttpClient.execute(CloseableHttpClient.java:55)
	at org.apache.hc.client5.http.classic.HttpClient.executeOpen(HttpClient.java:183)
	at org.springframework.http.client.HttpComponentsClientHttpRequest.executeInternal(HttpComponentsClientHttpRequest.java:99)
	at org.springframework.http.client.AbstractStreamingClientHttpRequest.executeInternal(AbstractStreamingClientHttpRequest.java:71)
	at org.springframework.http.client.AbstractClientHttpRequest.execute(AbstractClientHttpRequest.java:81)
	at org.springframework.http.client.InterceptingClientHttpRequest$InterceptingRequestExecution.execute(InterceptingClientHttpRequest.java:117)
	at org.springframework.cloud.netflix.eureka.http.RestTemplateTransportClientFactory.lambda$restTemplate$2(RestTemplateTransportClientFactory.java:145)
	at org.springframework.http.client.InterceptingClientHttpRequest$InterceptingRequestExecution.execute(InterceptingClientHttpRequest.java:88)
	at org.springframework.http.client.InterceptingClientHttpRequest.executeInternal(InterceptingClientHttpRequest.java:72)
	at org.springframework.http.client.AbstractBufferingClientHttpRequest.executeInternal(AbstractBufferingClientHttpRequest.java:48)
	at org.springframework.http.client.AbstractClientHttpRequest.execute(AbstractClientHttpRequest.java:81)
	at org.springframework.web.client.RestTemplate.doExecute(RestTemplate.java:900)
	... 69 more

2025-05-14T15:39:47.548+05:30  WARN 17872 --- [ShoppingCartService] [RMI TCP Connection(292)-127.0.0.1] c.n.d.s.t.d.RetryableEurekaHttpClient    : Request execution failed with message: I/O error on DELETE request for "http://localhost:8761/eureka/apps/SHOPPINGCARTSERVICE/LTIN600818.cts.com:ShoppingCartService:8083": Connect to http://localhost:8761 [localhost/127.0.0.1, localhost/0:0:0:0:0:0:0:1] failed: Connection refused: getsockopt
2025-05-14T15:39:47.549+05:30 ERROR 17872 --- [ShoppingCartService] [RMI TCP Connection(292)-127.0.0.1] com.netflix.discovery.DiscoveryClient    : DiscoveryClient_SHOPPINGCARTSERVICE/LTIN600818.cts.com:ShoppingCartService:8083 - de-registration failedCannot execute request on any known server

com.netflix.discovery.shared.transport.TransportException: Cannot execute request on any known server
	at com.netflix.discovery.shared.transport.decorator.RetryableEurekaHttpClient.execute(RetryableEurekaHttpClient.java:112) ~[eureka-client-2.0.4.jar:2.0.4]
	at com.netflix.discovery.shared.transport.decorator.EurekaHttpClientDecorator.cancel(EurekaHttpClientDecorator.java:71) ~[eureka-client-2.0.4.jar:2.0.4]
	at com.netflix.discovery.shared.transport.decorator.EurekaHttpClientDecorator$2.execute(EurekaHttpClientDecorator.java:74) ~[eureka-client-2.0.4.jar:2.0.4]
	at com.netflix.discovery.shared.transport.decorator.SessionedEurekaHttpClient.execute(SessionedEurekaHttpClient.java:76) ~[eureka-client-2.0.4.jar:2.0.4]
	at com.netflix.discovery.shared.transport.decorator.EurekaHttpClientDecorator.cancel(EurekaHttpClientDecorator.java:71) ~[eureka-client-2.0.4.jar:2.0.4]
	at com.netflix.discovery.DiscoveryClient.unregister(DiscoveryClient.java:919) ~[eureka-client-2.0.4.jar:2.0.4]
	at com.netflix.discovery.DiscoveryClient.shutdown(DiscoveryClient.java:900) ~[eureka-client-2.0.4.jar:2.0.4]
	at java.base/jdk.internal.reflect.DirectMethodHandleAccessor.invoke(DirectMethodHandleAccessor.java:103) ~[na:na]
	at java.base/java.lang.reflect.Method.invoke(Method.java:580) ~[na:na]
	at org.springframework.beans.factory.annotation.InitDestroyAnnotationBeanPostProcessor$LifecycleMethod.invoke(InitDestroyAnnotationBeanPostProcessor.java:457) ~[spring-beans-6.2.6.jar:6.2.6]
	at org.springframework.beans.factory.annotation.InitDestroyAnnotationBeanPostProcessor$LifecycleMetadata.invokeDestroyMethods(InitDestroyAnnotationBeanPostProcessor.java:415) ~[spring-beans-6.2.6.jar:6.2.6]
	at org.springframework.beans.factory.annotation.InitDestroyAnnotationBeanPostProcessor.postProcessBeforeDestruction(InitDestroyAnnotationBeanPostProcessor.java:239) ~[spring-beans-6.2.6.jar:6.2.6]
	at org.springframework.beans.factory.support.DisposableBeanAdapter.destroy(DisposableBeanAdapter.java:202) ~[spring-beans-6.2.6.jar:6.2.6]
	at org.springframework.beans.factory.support.DisposableBeanAdapter.run(DisposableBeanAdapter.java:195) ~[spring-beans-6.2.6.jar:6.2.6]
	at org.springframework.cloud.context.scope.GenericScope$BeanLifecycleWrapper.destroy(GenericScope.java:389) ~[spring-cloud-context-4.2.1.jar:4.2.1]
	at org.springframework.cloud.context.scope.GenericScope.destroy(GenericScope.java:136) ~[spring-cloud-context-4.2.1.jar:4.2.1]
	at org.springframework.beans.factory.support.DisposableBeanAdapter.destroy(DisposableBeanAdapter.java:211) ~[spring-beans-6.2.6.jar:6.2.6]
	at org.springframework.beans.factory.support.DefaultSingletonBeanRegistry.destroyBean(DefaultSingletonBeanRegistry.java:796) ~[spring-beans-6.2.6.jar:6.2.6]
	at org.springframework.beans.factory.support.DefaultSingletonBeanRegistry.destroySingleton(DefaultSingletonBeanRegistry.java:746) ~[spring-beans-6.2.6.jar:6.2.6]
	at org.springframework.beans.factory.support.DefaultListableBeanFactory.destroySingleton(DefaultListableBeanFactory.java:1473) ~[spring-beans-6.2.6.jar:6.2.6]
	at org.springframework.beans.factory.support.DefaultSingletonBeanRegistry.destroySingletons(DefaultSingletonBeanRegistry.java:705) ~[spring-beans-6.2.6.jar:6.2.6]
	at org.springframework.beans.factory.support.DefaultListableBeanFactory.destroySingletons(DefaultListableBeanFactory.java:1466) ~[spring-beans-6.2.6.jar:6.2.6]
	at org.springframework.context.support.AbstractApplicationContext.destroyBeans(AbstractApplicationContext.java:1219) ~[spring-context-6.2.6.jar:6.2.6]
	at org.springframework.context.support.AbstractApplicationContext.doClose(AbstractApplicationContext.java:1180) ~[spring-context-6.2.6.jar:6.2.6]
	at org.springframework.boot.web.servlet.context.ServletWebServerApplicationContext.doClose(ServletWebServerApplicationContext.java:179) ~[spring-boot-3.4.5.jar:3.4.5]
	at org.springframework.context.support.AbstractApplicationContext.close(AbstractApplicationContext.java:1126) ~[spring-context-6.2.6.jar:6.2.6]
	at org.springframework.boot.admin.SpringApplicationAdminMXBeanRegistrar$SpringApplicationAdmin.shutdown(SpringApplicationAdminMXBeanRegistrar.java:160) ~[spring-boot-3.4.5.jar:3.4.5]
	at java.base/jdk.internal.reflect.DirectMethodHandleAccessor.invoke(DirectMethodHandleAccessor.java:103) ~[na:na]
	at java.base/java.lang.reflect.Method.invoke(Method.java:580) ~[na:na]
	at sun.reflect.misc.Trampoline.invoke(MethodUtil.java:64) ~[na:na]
	at java.base/jdk.internal.reflect.DirectMethodHandleAccessor.invoke(DirectMethodHandleAccessor.java:103) ~[na:na]
	at java.base/java.lang.reflect.Method.invoke(Method.java:580) ~[na:na]
	at java.base/sun.reflect.misc.MethodUtil.invoke(MethodUtil.java:97) ~[na:na]
	at java.management/com.sun.jmx.mbeanserver.ConvertingMethod.invokeWithOpenReturn(ConvertingMethod.java:193) ~[na:na]
	at java.management/com.sun.jmx.mbeanserver.ConvertingMethod.invokeWithOpenReturn(ConvertingMethod.java:175) ~[na:na]
	at java.management/com.sun.jmx.mbeanserver.MXBeanIntrospector.invokeM2(MXBeanIntrospector.java:115) ~[na:na]
	at java.management/com.sun.jmx.mbeanserver.MXBeanIntrospector.invokeM2(MXBeanIntrospector.java:52) ~[na:na]
	at java.management/com.sun.jmx.mbeanserver.MBeanIntrospector.invokeM(MBeanIntrospector.java:236) ~[na:na]
	at java.management/com.sun.jmx.mbeanserver.PerInterface.invoke(PerInterface.java:138) ~[na:na]
	at java.management/com.sun.jmx.mbeanserver.MBeanSupport.invoke(MBeanSupport.java:252) ~[na:na]
	at java.management/com.sun.jmx.interceptor.DefaultMBeanServerInterceptor.invoke(DefaultMBeanServerInterceptor.java:803) ~[na:na]
	at java.management/com.sun.jmx.mbeanserver.JmxMBeanServer.invoke(JmxMBeanServer.java:802) ~[na:na]
	at java.management.rmi/javax.management.remote.rmi.RMIConnectionImpl.doOperation(RMIConnectionImpl.java:1472) ~[na:na]
	at java.management.rmi/javax.management.remote.rmi.RMIConnectionImpl$PrivilegedOperation.run(RMIConnectionImpl.java:1310) ~[na:na]
	at java.management.rmi/javax.management.remote.rmi.RMIConnectionImpl.doPrivilegedOperation(RMIConnectionImpl.java:1405) ~[na:na]
	at java.management.rmi/javax.management.remote.rmi.RMIConnectionImpl.invoke(RMIConnectionImpl.java:829) ~[na:na]
	at java.base/jdk.internal.reflect.DirectMethodHandleAccessor.invoke(DirectMethodHandleAccessor.java:103) ~[na:na]
	at java.base/java.lang.reflect.Method.invoke(Method.java:580) ~[na:na]
	at java.rmi/sun.rmi.server.UnicastServerRef.dispatch(UnicastServerRef.java:360) ~[na:na]
	at java.rmi/sun.rmi.transport.Transport$1.run(Transport.java:200) ~[na:na]
	at java.rmi/sun.rmi.transport.Transport$1.run(Transport.java:197) ~[na:na]
	at java.base/java.security.AccessController.doPrivileged(AccessController.java:714) ~[na:na]
	at java.rmi/sun.rmi.transport.Transport.serviceCall(Transport.java:196) ~[na:na]
	at java.rmi/sun.rmi.transport.tcp.TCPTransport.handleMessages(TCPTransport.java:598) ~[na:na]
	at java.rmi/sun.rmi.transport.tcp.TCPTransport$ConnectionHandler.run0(TCPTransport.java:844) ~[na:na]
	at java.rmi/sun.rmi.transport.tcp.TCPTransport$ConnectionHandler.lambda$run$0(TCPTransport.java:721) ~[na:na]
	at java.base/java.security.AccessController.doPrivileged(AccessController.java:400) ~[na:na]
	at java.rmi/sun.rmi.transport.tcp.TCPTransport$ConnectionHandler.run(TCPTransport.java:720) ~[na:na]
	at java.base/java.util.concurrent.ThreadPoolExecutor.runWorker(ThreadPoolExecutor.java:1144) ~[na:na]
	at java.base/java.util.concurrent.ThreadPoolExecutor$Worker.run(ThreadPoolExecutor.java:642) ~[na:na]
	at java.base/java.lang.Thread.run(Thread.java:1583) ~[na:na]

2025-05-14T15:39:47.552+05:30  INFO 17872 --- [ShoppingCartService] [RMI TCP Connection(292)-127.0.0.1] com.netflix.discovery.DiscoveryClient    : Completed shut down of DiscoveryClient
