2025-05-12T01:37:11.138+05:30  INFO 31872 --- [ProductService] [restartedMain] c.e.demo.ProductServiceApplication       : Starting ProductServiceApplication using Java 21.0.6 with PID 31872 (C:\Users\2400597\git\ECommercePlatform\ProductService\target\classes started by 2400597 in C:\Users\2400597\git\ECommercePlatform\ProductService)
2025-05-12T01:37:11.139+05:30  INFO 31872 --- [ProductService] [restartedMain] c.e.demo.ProductServiceApplication       : No active profile set, falling back to 1 default profile: "default"
2025-05-12T01:37:11.145+05:30  INFO 31872 --- [ProductService] [restartedMain] o.s.c.c.c.ConfigServerConfigDataLoader   : Fetching config from server at : http://localhost:8888
2025-05-12T01:37:11.147+05:30  INFO 31872 --- [ProductService] [restartedMain] o.s.c.c.c.ConfigServerConfigDataLoader   : Located environment: name=ProductService, profiles=[default], label=null, version=042e04925b98dab6baaad2e6c3af92a7f809ca67, state=
2025-05-12T01:37:12.315+05:30  INFO 31872 --- [ProductService] [restartedMain] .s.d.r.c.RepositoryConfigurationDelegate : Bootstrapping Spring Data JPA repositories in DEFAULT mode.
2025-05-12T01:37:12.345+05:30  INFO 31872 --- [ProductService] [restartedMain] .s.d.r.c.RepositoryConfigurationDelegate : Finished Spring Data repository scanning in 22 ms. Found 1 JPA repository interface.
2025-05-12T01:37:12.648+05:30  INFO 31872 --- [ProductService] [restartedMain] o.s.cloud.context.scope.GenericScope     : BeanFactory id=fbe8844c-323d-3600-8dcd-9387b36bd026
2025-05-12T01:37:12.982+05:30  INFO 31872 --- [ProductService] [restartedMain] o.s.b.w.embedded.tomcat.TomcatWebServer  : Tomcat initialized with port 8081 (http)
2025-05-12T01:37:12.984+05:30  INFO 31872 --- [ProductService] [restartedMain] o.apache.catalina.core.StandardService   : Starting service [Tomcat]
2025-05-12T01:37:12.984+05:30  INFO 31872 --- [ProductService] [restartedMain] o.apache.catalina.core.StandardEngine    : Starting Servlet engine: [Apache Tomcat/10.1.40]
2025-05-12T01:37:13.126+05:30  INFO 31872 --- [ProductService] [restartedMain] o.a.c.c.C.[Tomcat].[localhost].[/]       : Initializing Spring embedded WebApplicationContext
2025-05-12T01:37:13.127+05:30  INFO 31872 --- [ProductService] [restartedMain] w.s.c.ServletWebServerApplicationContext : Root WebApplicationContext: initialization completed in 1979 ms
2025-05-12T01:37:13.497+05:30  INFO 31872 --- [ProductService] [restartedMain] o.hibernate.jpa.internal.util.LogHelper  : HHH000204: Processing PersistenceUnitInfo [name: default]
2025-05-12T01:37:13.514+05:30  INFO 31872 --- [ProductService] [restartedMain] o.h.c.internal.RegionFactoryInitiator    : HHH000026: Second-level cache disabled
2025-05-12T01:37:13.543+05:30  INFO 31872 --- [ProductService] [restartedMain] o.s.o.j.p.SpringPersistenceUnitInfo      : No LoadTimeWeaver setup: ignoring JPA class transformer
2025-05-12T01:37:13.545+05:30  INFO 31872 --- [ProductService] [restartedMain] com.zaxxer.hikari.HikariDataSource       : HikariPool-2 - Starting...
2025-05-12T01:37:13.587+05:30  INFO 31872 --- [ProductService] [restartedMain] com.zaxxer.hikari.pool.HikariPool        : HikariPool-2 - Added connection com.mysql.cj.jdbc.ConnectionImpl@21a7873
2025-05-12T01:37:13.588+05:30  INFO 31872 --- [ProductService] [restartedMain] com.zaxxer.hikari.HikariDataSource       : HikariPool-2 - Start completed.
2025-05-12T01:37:13.592+05:30  WARN 31872 --- [ProductService] [restartedMain] org.hibernate.orm.deprecation            : HHH90000025: MySQLDialect does not need to be specified explicitly using 'hibernate.dialect' (remove the property setting and it will be selected by default)
2025-05-12T01:37:13.593+05:30  INFO 31872 --- [ProductService] [restartedMain] org.hibernate.orm.connections.pooling    : HHH10001005: Database info:
	Database JDBC URL [Connecting through datasource 'HikariDataSource (HikariPool-2)']
	Database driver: undefined/unknown
	Database version: 8.0.41
	Autocommit mode: undefined/unknown
	Isolation level: undefined/unknown
	Minimum pool size: undefined/unknown
	Maximum pool size: undefined/unknown
2025-05-12T01:37:13.727+05:30  INFO 31872 --- [ProductService] [restartedMain] o.h.e.t.j.p.i.JtaPlatformInitiator       : HHH000489: No JTA platform available (set 'hibernate.transaction.jta.platform' to enable JTA platform integration)
2025-05-12T01:37:13.745+05:30  INFO 31872 --- [ProductService] [restartedMain] j.LocalContainerEntityManagerFactoryBean : Initialized JPA EntityManagerFactory for persistence unit 'default'
2025-05-12T01:37:14.095+05:30  WARN 31872 --- [ProductService] [restartedMain] JpaBaseConfiguration$JpaWebConfiguration : spring.jpa.open-in-view is enabled by default. Therefore, database queries may be performed during view rendering. Explicitly configure spring.jpa.open-in-view to disable this warning
2025-05-12T01:37:15.500+05:30  INFO 31872 --- [ProductService] [restartedMain] o.s.b.d.a.OptionalLiveReloadServer       : LiveReload server is running on port 35729
2025-05-12T01:37:15.580+05:30  INFO 31872 --- [ProductService] [restartedMain] DiscoveryClientOptionalArgsConfiguration : Eureka HTTP Client uses RestTemplate.
2025-05-12T01:37:15.679+05:30  WARN 31872 --- [ProductService] [restartedMain] iguration$LoadBalancerCaffeineWarnLogger : Spring Cloud LoadBalancer is currently working with the default cache. While this cache implementation is useful for development and tests, it's recommended to use Caffeine cache in production.You can switch to using Caffeine cache, by adding it and org.springframework.cache.caffeine.CaffeineCacheManager to the classpath.
2025-05-12T01:37:15.699+05:30  INFO 31872 --- [ProductService] [restartedMain] o.s.b.a.e.web.EndpointLinksResolver      : Exposing 1 endpoint beneath base path '/actuator'
2025-05-12T01:37:15.787+05:30  INFO 31872 --- [ProductService] [restartedMain] o.s.c.n.eureka.InstanceInfoFactory       : Setting initial instance status as: STARTING
2025-05-12T01:37:15.794+05:30  INFO 31872 --- [ProductService] [restartedMain] com.netflix.discovery.DiscoveryClient    : Initializing Eureka in region us-east-1
2025-05-12T01:37:15.795+05:30  INFO 31872 --- [ProductService] [restartedMain] c.n.d.s.r.aws.ConfigClusterResolver      : Resolving eureka endpoints via configuration
2025-05-12T01:37:15.796+05:30  INFO 31872 --- [ProductService] [restartedMain] com.netflix.discovery.DiscoveryClient    : Disable delta property : false
2025-05-12T01:37:15.796+05:30  INFO 31872 --- [ProductService] [restartedMain] com.netflix.discovery.DiscoveryClient    : Single vip registry refresh property : null
2025-05-12T01:37:15.796+05:30  INFO 31872 --- [ProductService] [restartedMain] com.netflix.discovery.DiscoveryClient    : Force full registry fetch : false
2025-05-12T01:37:15.796+05:30  INFO 31872 --- [ProductService] [restartedMain] com.netflix.discovery.DiscoveryClient    : Application is null : false
2025-05-12T01:37:15.796+05:30  INFO 31872 --- [ProductService] [restartedMain] com.netflix.discovery.DiscoveryClient    : Registered Applications size is zero : true
2025-05-12T01:37:15.797+05:30  INFO 31872 --- [ProductService] [restartedMain] com.netflix.discovery.DiscoveryClient    : Application version is -1: true
2025-05-12T01:37:15.797+05:30  INFO 31872 --- [ProductService] [restartedMain] com.netflix.discovery.DiscoveryClient    : Getting all instance registry info from the eureka server
2025-05-12T01:37:15.864+05:30  INFO 31872 --- [ProductService] [restartedMain] com.netflix.discovery.DiscoveryClient    : The response status is 200
2025-05-12T01:37:15.866+05:30  INFO 31872 --- [ProductService] [restartedMain] com.netflix.discovery.DiscoveryClient    : Starting heartbeat executor: renew interval is: 30
2025-05-12T01:37:15.866+05:30  INFO 31872 --- [ProductService] [restartedMain] c.n.discovery.InstanceInfoReplicator     : InstanceInfoReplicator onDemand update allowed rate per min is 4
2025-05-12T01:37:15.867+05:30  INFO 31872 --- [ProductService] [restartedMain] com.netflix.discovery.DiscoveryClient    : Discovery Client initialized at timestamp 1746994035867 with initial instances count: 1
2025-05-12T01:37:15.876+05:30  INFO 31872 --- [ProductService] [restartedMain] o.s.c.n.e.s.EurekaServiceRegistry        : Registering application PRODUCTSERVICE with eureka with status UP
2025-05-12T01:37:15.877+05:30  INFO 31872 --- [ProductService] [restartedMain] com.netflix.discovery.DiscoveryClient    : Saw local status change event StatusChangeEvent [timestamp=1746994035877, current=UP, previous=STARTING]
2025-05-12T01:37:15.877+05:30  INFO 31872 --- [ProductService] [DiscoveryClient-InstanceInfoReplicator-%d] com.netflix.discovery.DiscoveryClient    : DiscoveryClient_PRODUCTSERVICE/LTIN600818.cts.com:ProductService:8081: registering service...
2025-05-12T01:37:15.886+05:30  INFO 31872 --- [ProductService] [restartedMain] o.s.b.w.embedded.tomcat.TomcatWebServer  : Tomcat started on port 8081 (http) with context path '/'
2025-05-12T01:37:15.888+05:30  INFO 31872 --- [ProductService] [restartedMain] .s.c.n.e.s.EurekaAutoServiceRegistration : Updating port to 8081
2025-05-12T01:37:15.909+05:30  INFO 31872 --- [ProductService] [DiscoveryClient-InstanceInfoReplicator-%d] com.netflix.discovery.DiscoveryClient    : DiscoveryClient_PRODUCTSERVICE/LTIN600818.cts.com:ProductService:8081 - registration status: 204
2025-05-12T01:37:15.920+05:30  INFO 31872 --- [ProductService] [restartedMain] c.e.demo.ProductServiceApplication       : Started ProductServiceApplication in 5.897 seconds (process running for 70.228)
2025-05-12T01:37:15.931+05:30  INFO 31872 --- [ProductService] [restartedMain] .ConditionEvaluationDeltaLoggingListener : Condition evaluation delta:


==========================
CONDITION EVALUATION DELTA
==========================


Positive matches:
-----------------

   LogFileWebEndpointAutoConfiguration#logFileWebEndpoint matched:
      - Log File found logging.file.name logs/application.log (LogFileWebEndpointAutoConfiguration.LogFileCondition)
      - @ConditionalOnMissingBean (types: org.springframework.boot.actuate.logging.LogFileWebEndpoint; SearchStrategy: all) did not find any beans (OnBeanCondition)


Negative matches:
-----------------

    None


Exclusions:
-----------

    None


Unconditional classes:
----------------------

    None



2025-05-12T01:37:23.094+05:30  INFO 31872 --- [ProductService] [File Watcher] rtingClassPathChangeChangedEventListener : Restarting due to 1 class path change (0 additions, 0 deletions, 1 modification)
2025-05-12T01:37:23.095+05:30  INFO 31872 --- [ProductService] [Thread-9] o.s.c.n.e.s.EurekaServiceRegistry        : Unregistering application PRODUCTSERVICE with eureka with status DOWN
2025-05-12T01:37:23.096+05:30  INFO 31872 --- [ProductService] [Thread-9] com.netflix.discovery.DiscoveryClient    : Saw local status change event StatusChangeEvent [timestamp=1746994043096, current=DOWN, previous=UP]
2025-05-12T01:37:23.096+05:30  INFO 31872 --- [ProductService] [DiscoveryClient-InstanceInfoReplicator-%d] com.netflix.discovery.DiscoveryClient    : DiscoveryClient_PRODUCTSERVICE/LTIN600818.cts.com:ProductService:8081: registering service...
2025-05-12T01:37:23.098+05:30  INFO 31872 --- [ProductService] [Thread-9] o.s.b.w.e.tomcat.GracefulShutdown        : Commencing graceful shutdown. Waiting for active requests to complete
2025-05-12T01:37:23.108+05:30  INFO 31872 --- [ProductService] [tomcat-shutdown] o.s.b.w.e.tomcat.GracefulShutdown        : Graceful shutdown complete
2025-05-12T01:37:23.111+05:30  INFO 31872 --- [ProductService] [DiscoveryClient-InstanceInfoReplicator-%d] com.netflix.discovery.DiscoveryClient    : DiscoveryClient_PRODUCTSERVICE/LTIN600818.cts.com:ProductService:8081 - registration status: 204
2025-05-12T01:37:23.115+05:30  INFO 31872 --- [ProductService] [Thread-9] j.LocalContainerEntityManagerFactoryBean : Closing JPA EntityManagerFactory for persistence unit 'default'
2025-05-12T01:37:23.116+05:30  INFO 31872 --- [ProductService] [Thread-9] com.zaxxer.hikari.HikariDataSource       : HikariPool-2 - Shutdown initiated...
2025-05-12T01:37:23.133+05:30  INFO 31872 --- [ProductService] [Thread-9] com.zaxxer.hikari.HikariDataSource       : HikariPool-2 - Shutdown completed.
2025-05-12T01:37:23.134+05:30  INFO 31872 --- [ProductService] [Thread-9] com.netflix.discovery.DiscoveryClient    : Shutting down DiscoveryClient ...
2025-05-12T01:37:26.149+05:30  INFO 31872 --- [ProductService] [Thread-9] com.netflix.discovery.DiscoveryClient    : Unregistering ...
2025-05-12T01:37:26.170+05:30  INFO 31872 --- [ProductService] [Thread-9] com.netflix.discovery.DiscoveryClient    : DiscoveryClient_PRODUCTSERVICE/LTIN600818.cts.com:ProductService:8081 - deregister  status: 200
2025-05-12T01:37:26.170+05:30  INFO 31872 --- [ProductService] [Thread-9] com.netflix.discovery.DiscoveryClient    : Completed shut down of DiscoveryClient
2025-05-12T01:37:27.545+05:30  INFO 31872 --- [ProductService] [restartedMain] c.e.demo.ProductServiceApplication       : Starting ProductServiceApplication using Java 21.0.6 with PID 31872 (C:\Users\2400597\git\ECommercePlatform\ProductService\target\classes started by 2400597 in C:\Users\2400597\git\ECommercePlatform\ProductService)
2025-05-12T01:37:27.546+05:30  INFO 31872 --- [ProductService] [restartedMain] c.e.demo.ProductServiceApplication       : No active profile set, falling back to 1 default profile: "default"
2025-05-12T01:37:27.550+05:30  INFO 31872 --- [ProductService] [restartedMain] o.s.c.c.c.ConfigServerConfigDataLoader   : Fetching config from server at : http://localhost:8888
2025-05-12T01:37:27.552+05:30  INFO 31872 --- [ProductService] [restartedMain] o.s.c.c.c.ConfigServerConfigDataLoader   : Located environment: name=ProductService, profiles=[default], label=null, version=042e04925b98dab6baaad2e6c3af92a7f809ca67, state=
2025-05-12T01:37:28.261+05:30  INFO 31872 --- [ProductService] [restartedMain] .s.d.r.c.RepositoryConfigurationDelegate : Bootstrapping Spring Data JPA repositories in DEFAULT mode.
2025-05-12T01:37:28.287+05:30  INFO 31872 --- [ProductService] [restartedMain] .s.d.r.c.RepositoryConfigurationDelegate : Finished Spring Data repository scanning in 23 ms. Found 1 JPA repository interface.
2025-05-12T01:37:28.472+05:30  INFO 31872 --- [ProductService] [restartedMain] o.s.cloud.context.scope.GenericScope     : BeanFactory id=fbe8844c-323d-3600-8dcd-9387b36bd026
2025-05-12T01:37:28.747+05:30  INFO 31872 --- [ProductService] [restartedMain] o.s.b.w.embedded.tomcat.TomcatWebServer  : Tomcat initialized with port 8081 (http)
2025-05-12T01:37:28.748+05:30  INFO 31872 --- [ProductService] [restartedMain] o.apache.catalina.core.StandardService   : Starting service [Tomcat]
2025-05-12T01:37:28.748+05:30  INFO 31872 --- [ProductService] [restartedMain] o.apache.catalina.core.StandardEngine    : Starting Servlet engine: [Apache Tomcat/10.1.40]
2025-05-12T01:37:28.856+05:30  INFO 31872 --- [ProductService] [restartedMain] o.a.c.c.C.[Tomcat].[localhost].[/]       : Initializing Spring embedded WebApplicationContext
2025-05-12T01:37:28.856+05:30  INFO 31872 --- [ProductService] [restartedMain] w.s.c.ServletWebServerApplicationContext : Root WebApplicationContext: initialization completed in 1304 ms
2025-05-12T01:37:29.156+05:30  INFO 31872 --- [ProductService] [restartedMain] o.hibernate.jpa.internal.util.LogHelper  : HHH000204: Processing PersistenceUnitInfo [name: default]
2025-05-12T01:37:29.164+05:30  INFO 31872 --- [ProductService] [restartedMain] o.h.c.internal.RegionFactoryInitiator    : HHH000026: Second-level cache disabled
2025-05-12T01:37:29.192+05:30  INFO 31872 --- [ProductService] [restartedMain] o.s.o.j.p.SpringPersistenceUnitInfo      : No LoadTimeWeaver setup: ignoring JPA class transformer
2025-05-12T01:37:29.195+05:30  INFO 31872 --- [ProductService] [restartedMain] com.zaxxer.hikari.HikariDataSource       : HikariPool-3 - Starting...
2025-05-12T01:37:29.225+05:30  INFO 31872 --- [ProductService] [restartedMain] com.zaxxer.hikari.pool.HikariPool        : HikariPool-3 - Added connection com.mysql.cj.jdbc.ConnectionImpl@2d6a4f14
2025-05-12T01:37:29.225+05:30  INFO 31872 --- [ProductService] [restartedMain] com.zaxxer.hikari.HikariDataSource       : HikariPool-3 - Start completed.
2025-05-12T01:37:29.229+05:30  WARN 31872 --- [ProductService] [restartedMain] org.hibernate.orm.deprecation            : HHH90000025: MySQLDialect does not need to be specified explicitly using 'hibernate.dialect' (remove the property setting and it will be selected by default)
2025-05-12T01:37:29.229+05:30  INFO 31872 --- [ProductService] [restartedMain] org.hibernate.orm.connections.pooling    : HHH10001005: Database info:
	Database JDBC URL [Connecting through datasource 'HikariDataSource (HikariPool-3)']
	Database driver: undefined/unknown
	Database version: 8.0.41
	Autocommit mode: undefined/unknown
	Isolation level: undefined/unknown
	Minimum pool size: undefined/unknown
	Maximum pool size: undefined/unknown
2025-05-12T01:37:29.331+05:30  INFO 31872 --- [ProductService] [restartedMain] o.h.e.t.j.p.i.JtaPlatformInitiator       : HHH000489: No JTA platform available (set 'hibernate.transaction.jta.platform' to enable JTA platform integration)
2025-05-12T01:37:29.349+05:30  INFO 31872 --- [ProductService] [restartedMain] j.LocalContainerEntityManagerFactoryBean : Initialized JPA EntityManagerFactory for persistence unit 'default'
2025-05-12T01:37:29.703+05:30  WARN 31872 --- [ProductService] [restartedMain] JpaBaseConfiguration$JpaWebConfiguration : spring.jpa.open-in-view is enabled by default. Therefore, database queries may be performed during view rendering. Explicitly configure spring.jpa.open-in-view to disable this warning
2025-05-12T01:37:30.874+05:30  INFO 31872 --- [ProductService] [restartedMain] o.s.b.d.a.OptionalLiveReloadServer       : LiveReload server is running on port 35729
2025-05-12T01:37:30.927+05:30  INFO 31872 --- [ProductService] [restartedMain] DiscoveryClientOptionalArgsConfiguration : Eureka HTTP Client uses RestTemplate.
2025-05-12T01:37:31.023+05:30  WARN 31872 --- [ProductService] [restartedMain] iguration$LoadBalancerCaffeineWarnLogger : Spring Cloud LoadBalancer is currently working with the default cache. While this cache implementation is useful for development and tests, it's recommended to use Caffeine cache in production.You can switch to using Caffeine cache, by adding it and org.springframework.cache.caffeine.CaffeineCacheManager to the classpath.
2025-05-12T01:37:31.039+05:30  INFO 31872 --- [ProductService] [restartedMain] o.s.b.a.e.web.EndpointLinksResolver      : Exposing 1 endpoint beneath base path '/actuator'
2025-05-12T01:37:31.127+05:30  INFO 31872 --- [ProductService] [restartedMain] o.s.c.n.eureka.InstanceInfoFactory       : Setting initial instance status as: STARTING
2025-05-12T01:37:31.135+05:30  INFO 31872 --- [ProductService] [restartedMain] com.netflix.discovery.DiscoveryClient    : Initializing Eureka in region us-east-1
2025-05-12T01:37:31.136+05:30  INFO 31872 --- [ProductService] [restartedMain] c.n.d.s.r.aws.ConfigClusterResolver      : Resolving eureka endpoints via configuration
2025-05-12T01:37:31.137+05:30  INFO 31872 --- [ProductService] [restartedMain] com.netflix.discovery.DiscoveryClient    : Disable delta property : false
2025-05-12T01:37:31.137+05:30  INFO 31872 --- [ProductService] [restartedMain] com.netflix.discovery.DiscoveryClient    : Single vip registry refresh property : null
2025-05-12T01:37:31.137+05:30  INFO 31872 --- [ProductService] [restartedMain] com.netflix.discovery.DiscoveryClient    : Force full registry fetch : false
2025-05-12T01:37:31.137+05:30  INFO 31872 --- [ProductService] [restartedMain] com.netflix.discovery.DiscoveryClient    : Application is null : false
2025-05-12T01:37:31.137+05:30  INFO 31872 --- [ProductService] [restartedMain] com.netflix.discovery.DiscoveryClient    : Registered Applications size is zero : true
2025-05-12T01:37:31.137+05:30  INFO 31872 --- [ProductService] [restartedMain] com.netflix.discovery.DiscoveryClient    : Application version is -1: true
2025-05-12T01:37:31.137+05:30  INFO 31872 --- [ProductService] [restartedMain] com.netflix.discovery.DiscoveryClient    : Getting all instance registry info from the eureka server
2025-05-12T01:37:31.202+05:30  INFO 31872 --- [ProductService] [restartedMain] com.netflix.discovery.DiscoveryClient    : The response status is 200
2025-05-12T01:37:31.203+05:30  INFO 31872 --- [ProductService] [restartedMain] com.netflix.discovery.DiscoveryClient    : Starting heartbeat executor: renew interval is: 30
2025-05-12T01:37:31.204+05:30  INFO 31872 --- [ProductService] [restartedMain] c.n.discovery.InstanceInfoReplicator     : InstanceInfoReplicator onDemand update allowed rate per min is 4
2025-05-12T01:37:31.205+05:30  INFO 31872 --- [ProductService] [restartedMain] com.netflix.discovery.DiscoveryClient    : Discovery Client initialized at timestamp 1746994051205 with initial instances count: 1
2025-05-12T01:37:31.218+05:30  INFO 31872 --- [ProductService] [restartedMain] o.s.c.n.e.s.EurekaServiceRegistry        : Registering application PRODUCTSERVICE with eureka with status UP
2025-05-12T01:37:31.219+05:30  INFO 31872 --- [ProductService] [restartedMain] com.netflix.discovery.DiscoveryClient    : Saw local status change event StatusChangeEvent [timestamp=1746994051219, current=UP, previous=STARTING]
2025-05-12T01:37:31.220+05:30  INFO 31872 --- [ProductService] [DiscoveryClient-InstanceInfoReplicator-%d] com.netflix.discovery.DiscoveryClient    : DiscoveryClient_PRODUCTSERVICE/LTIN600818.cts.com:ProductService:8081: registering service...
2025-05-12T01:37:31.236+05:30  INFO 31872 --- [ProductService] [restartedMain] o.s.b.w.embedded.tomcat.TomcatWebServer  : Tomcat started on port 8081 (http) with context path '/'
2025-05-12T01:37:31.237+05:30  INFO 31872 --- [ProductService] [restartedMain] .s.c.n.e.s.EurekaAutoServiceRegistration : Updating port to 8081
2025-05-12T01:37:31.252+05:30  INFO 31872 --- [ProductService] [DiscoveryClient-InstanceInfoReplicator-%d] com.netflix.discovery.DiscoveryClient    : DiscoveryClient_PRODUCTSERVICE/LTIN600818.cts.com:ProductService:8081 - registration status: 204
2025-05-12T01:37:31.254+05:30  INFO 31872 --- [ProductService] [restartedMain] c.e.demo.ProductServiceApplication       : Started ProductServiceApplication in 5.009 seconds (process running for 85.562)
2025-05-12T01:37:31.256+05:30  INFO 31872 --- [ProductService] [restartedMain] .ConditionEvaluationDeltaLoggingListener : Condition evaluation unchanged
2025-05-12T01:37:39.509+05:30  INFO 31872 --- [ProductService] [RMI TCP Connection(11)-127.0.0.1] inMXBeanRegistrar$SpringApplicationAdmin : Application shutdown requested.
2025-05-12T01:37:39.509+05:30  INFO 31872 --- [ProductService] [RMI TCP Connection(11)-127.0.0.1] o.s.c.n.e.s.EurekaServiceRegistry        : Unregistering application PRODUCTSERVICE with eureka with status DOWN
2025-05-12T01:37:39.510+05:30  INFO 31872 --- [ProductService] [RMI TCP Connection(11)-127.0.0.1] com.netflix.discovery.DiscoveryClient    : Saw local status change event StatusChangeEvent [timestamp=1746994059510, current=DOWN, previous=UP]
2025-05-12T01:37:39.510+05:30  INFO 31872 --- [ProductService] [DiscoveryClient-InstanceInfoReplicator-%d] com.netflix.discovery.DiscoveryClient    : DiscoveryClient_PRODUCTSERVICE/LTIN600818.cts.com:ProductService:8081: registering service...
2025-05-12T01:37:39.511+05:30  INFO 31872 --- [ProductService] [RMI TCP Connection(11)-127.0.0.1] o.s.b.w.e.tomcat.GracefulShutdown        : Commencing graceful shutdown. Waiting for active requests to complete
2025-05-12T01:37:39.518+05:30  INFO 31872 --- [ProductService] [tomcat-shutdown] o.s.b.w.e.tomcat.GracefulShutdown        : Graceful shutdown complete
2025-05-12T01:37:39.518+05:30  INFO 31872 --- [ProductService] [DiscoveryClient-InstanceInfoReplicator-%d] com.netflix.discovery.DiscoveryClient    : DiscoveryClient_PRODUCTSERVICE/LTIN600818.cts.com:ProductService:8081 - registration status: 204
2025-05-12T01:37:39.524+05:30  INFO 31872 --- [ProductService] [RMI TCP Connection(11)-127.0.0.1] j.LocalContainerEntityManagerFactoryBean : Closing JPA EntityManagerFactory for persistence unit 'default'
2025-05-12T01:37:39.525+05:30  INFO 31872 --- [ProductService] [RMI TCP Connection(11)-127.0.0.1] com.zaxxer.hikari.HikariDataSource       : HikariPool-3 - Shutdown initiated...
2025-05-12T01:37:39.536+05:30  INFO 31872 --- [ProductService] [RMI TCP Connection(11)-127.0.0.1] com.zaxxer.hikari.HikariDataSource       : HikariPool-3 - Shutdown completed.
2025-05-12T01:37:39.537+05:30  INFO 31872 --- [ProductService] [RMI TCP Connection(11)-127.0.0.1] com.netflix.discovery.DiscoveryClient    : Shutting down DiscoveryClient ...
2025-05-12T01:37:42.552+05:30  INFO 31872 --- [ProductService] [RMI TCP Connection(11)-127.0.0.1] com.netflix.discovery.DiscoveryClient    : Unregistering ...
2025-05-12T01:37:42.571+05:30  INFO 31872 --- [ProductService] [RMI TCP Connection(11)-127.0.0.1] com.netflix.discovery.DiscoveryClient    : DiscoveryClient_PRODUCTSERVICE/LTIN600818.cts.com:ProductService:8081 - deregister  status: 200
2025-05-12T01:37:42.571+05:30  INFO 31872 --- [ProductService] [RMI TCP Connection(11)-127.0.0.1] com.netflix.discovery.DiscoveryClient    : Completed shut down of DiscoveryClient
